01-03-2026 05:01:56.538 [Gauge] [INFO] Initializing concepts cache with 0 concepts
01-03-2026 05:01:56.544 [Gauge] [INFO] Initializing specs cache with 1 specs
01-03-2026 05:01:56.544 [Gauge] [DEBUG] Adding specs from /Users/emresarikaya/IdeaProjects/Java/specs/home.spec
01-03-2026 05:01:56.544 [Gauge] [INFO] Initializing steps cache with 1 steps
01-03-2026 05:01:56.544 [Gauge] [INFO] Gauge daemon initialized and listening on port: 56293
01-03-2026 05:01:56.547 [Gauge] [DEBUG] Watching directory: /Users/emresarikaya/IdeaProjects/Java/specs
01-03-2026 05:01:56.547 [Gauge] [DEBUG] Found 1 files
01-03-2026 05:02:01.890 [Gauge] [DEBUG] Api Request Received: messageType:GetStepValueRequest messageId:4 stepValueRequest:{stepText:"Ana sayfaya git"}
01-03-2026 05:02:01.890 [Gauge] [DEBUG] Sending API response: messageType:GetStepValueResponse messageId:4 stepValueResponse:{stepValue:{stepValue:"Ana sayfaya git" parameterizedStepValue:"Ana sayfaya git"}}
01-03-2026 05:02:01.890 [Gauge] [DEBUG] Api Request Received: messageType:GetStepValueRequest messageId:4 stepValueRequest:{stepText:"Ana sayfaya git"}
01-03-2026 05:02:01.890 [Gauge] [DEBUG] Sending API response: messageType:GetStepValueResponse messageId:4 stepValueResponse:{stepValue:{stepValue:"Ana sayfaya git" parameterizedStepValue:"Ana sayfaya git"}}
01-03-2026 05:02:01.894 [Gauge] [DEBUG] Api Request Received: messageType:GetStepValueRequest messageId:4 stepValueRequest:{stepText:"Giriş yap butonunun görünür olduğunu doğrula"}
01-03-2026 05:02:01.894 [Gauge] [DEBUG] Sending API response: messageType:GetStepValueResponse messageId:4 stepValueResponse:{stepValue:{stepValue:"Giriş yap butonunun görünür olduğunu doğrula" parameterizedStepValue:"Giriş yap butonunun görünür olduğunu doğrula"}}
01-03-2026 05:02:01.894 [Gauge] [DEBUG] Api Request Received: messageType:GetStepValueRequest messageId:4 stepValueRequest:{stepText:"Giriş yap butonunun görünür olduğunu doğrula"}
01-03-2026 05:02:01.894 [Gauge] [DEBUG] Sending API response: messageType:GetStepValueResponse messageId:4 stepValueResponse:{stepValue:{stepValue:"Giriş yap butonunun görünür olduğunu doğrula" parameterizedStepValue:"Giriş yap butonunun görünür olduğunu doğrula"}}
01-03-2026 05:06:17.724 [Gauge] [DEBUG] Spec file added / modified: /Users/emresarikaya/IdeaProjects/Java/specs/login.spec
01-03-2026 05:17:10.858 [Gauge] [DEBUG] Api Request Received: messageType:GetStepValueRequest messageId:4 stepValueRequest:{stepText:"Hata mesajının görüntülendiğini doğrula"}
01-03-2026 05:17:10.861 [Gauge] [DEBUG] Sending API response: messageType:GetStepValueResponse messageId:4 stepValueResponse:{stepValue:{stepValue:"Hata mesajının görüntülendiğini doğrula" parameterizedStepValue:"Hata mesajının görüntülendiğini doğrula"}}
01-03-2026 05:17:11.157 [Gauge] [DEBUG] Api Request Received: messageType:GetStepValueRequest messageId:4 stepValueRequest:{stepText:"Giriş yap butonuna tıkla"}
01-03-2026 05:17:11.157 [Gauge] [DEBUG] Sending API response: messageType:GetStepValueResponse messageId:4 stepValueResponse:{stepValue:{stepValue:"Giriş yap butonuna tıkla" parameterizedStepValue:"Giriş yap butonuna tıkla"}}
01-03-2026 05:17:11.184 [Gauge] [DEBUG] Api Request Received: messageType:GetStepValueRequest messageId:4 stepValueRequest:{stepText:"Kullanıcı adını gir \"testkullanici\""}
01-03-2026 05:17:11.185 [Gauge] [DEBUG] Sending API response: messageType:GetStepValueResponse messageId:4 stepValueResponse:{stepValue:{stepValue:"Kullanıcı adını gir {}" parameterizedStepValue:"Kullanıcı adını gir <testkullanici>" parameters:"testkullanici"}}
01-03-2026 05:17:11.200 [Gauge] [DEBUG] Api Request Received: messageType:GetStepValueRequest messageId:4 stepValueRequest:{stepText:"Şifreyi gir \"Test1234!\""}
01-03-2026 05:17:11.201 [Gauge] [DEBUG] Sending API response: messageType:GetStepValueResponse messageId:4 stepValueResponse:{stepValue:{stepValue:"Şifreyi gir {}" parameterizedStepValue:"Şifreyi gir <Test1234!>" parameters:"Test1234!"}}
01-03-2026 05:17:11.214 [Gauge] [DEBUG] Api Request Received: messageType:GetStepValueRequest messageId:4 stepValueRequest:{stepText:"Giriş yap butonuna tıkla login sayfasında"}
01-03-2026 05:17:11.214 [Gauge] [DEBUG] Sending API response: messageType:GetStepValueResponse messageId:4 stepValueResponse:{stepValue:{stepValue:"Giriş yap butonuna tıkla login sayfasında" parameterizedStepValue:"Giriş yap butonuna tıkla login sayfasında"}}
01-03-2026 05:17:11.228 [Gauge] [DEBUG] Api Request Received: messageType:GetStepValueRequest messageId:4 stepValueRequest:{stepText:"Girişin başarılı olduğunu doğrula"}
01-03-2026 05:17:11.228 [Gauge] [DEBUG] Sending API response: messageType:GetStepValueResponse messageId:4 stepValueResponse:{stepValue:{stepValue:"Girişin başarılı olduğunu doğrula" parameterizedStepValue:"Girişin başarılı olduğunu doğrula"}}
01-03-2026 05:17:11.261 [Gauge] [DEBUG] Api Request Received: messageType:GetStepValueRequest messageId:4 stepValueRequest:{stepText:"Kullanıcı adını gir \"yanlikullanici\""}
01-03-2026 05:17:11.261 [Gauge] [DEBUG] Sending API response: messageType:GetStepValueResponse messageId:4 stepValueResponse:{stepValue:{stepValue:"Kullanıcı adını gir {}" parameterizedStepValue:"Kullanıcı adını gir <yanlikullanici>" parameters:"yanlikullanici"}}
01-03-2026 05:17:11.268 [Gauge] [DEBUG] Api Request Received: messageType:GetStepValueRequest messageId:4 stepValueRequest:{stepText:"Şifreyi gir \"YanlisŞifre123\""}
01-03-2026 05:17:11.269 [Gauge] [DEBUG] Sending API response: messageType:GetStepValueResponse messageId:4 stepValueResponse:{stepValue:{stepValue:"Şifreyi gir {}" parameterizedStepValue:"Şifreyi gir <YanlisŞifre123>" parameters:"YanlisŞifre123"}}
01-03-2026 05:18:20.574 [Gauge] [DEBUG] Api Request Received: messageType:GetStepValueRequest messageId:4 stepValueRequest:{stepText:"Kullanıcı adını gir <testkullanici>"}
01-03-2026 05:18:20.576 [Gauge] [DEBUG] Sending API response: messageType:GetStepValueResponse messageId:4 stepValueResponse:{stepValue:{stepValue:"Kullanıcı adını gir {}" parameterizedStepValue:"Kullanıcı adını gir <testkullanici>" parameters:"testkullanici"}}
01-03-2026 05:18:42.176 [Gauge] [DEBUG] Api Request Received: messageType:GetStepValueRequest messageId:4 stepValueRequest:{stepText:"Şifreyi gir <Test1234!>"}
01-03-2026 05:18:42.179 [Gauge] [DEBUG] Sending API response: messageType:GetStepValueResponse messageId:4 stepValueResponse:{stepValue:{stepValue:"Şifreyi gir {}" parameterizedStepValue:"Şifreyi gir <Test1234!>" parameters:"Test1234!"}}
01-03-2026 06:06:18.976 [Gauge] [DEBUG] Api Request Received: messageType:GetStepValueRequest messageId:4 stepValueRequest:{stepText:"Kullanıcı adını gir \"2\""}
01-03-2026 06:06:18.979 [Gauge] [DEBUG] Sending API response: messageType:GetStepValueResponse messageId:4 stepValueResponse:{stepValue:{stepValue:"Kullanıcı adını gir {}" parameterizedStepValue:"Kullanıcı adını gir <2>" parameters:"2"}}
01-03-2026 06:06:21.135 [Gauge] [DEBUG] Api Request Received: messageType:GetStepValueRequest messageId:4 stepValueRequest:{stepText:"Kullanıcı adını gir \"26\""}
01-03-2026 06:06:21.136 [Gauge] [DEBUG] Sending API response: messageType:GetStepValueResponse messageId:4 stepValueResponse:{stepValue:{stepValue:"Kullanıcı adını gir {}" parameterizedStepValue:"Kullanıcı adını gir <26>" parameters:"26"}}
01-03-2026 06:06:21.578 [Gauge] [DEBUG] Api Request Received: messageType:GetStepValueRequest messageId:4 stepValueRequest:{stepText:"Kullanıcı adını gir \"266\""}
01-03-2026 06:06:21.580 [Gauge] [DEBUG] Sending API response: messageType:GetStepValueResponse messageId:4 stepValueResponse:{stepValue:{stepValue:"Kullanıcı adını gir {}" parameterizedStepValue:"Kullanıcı adını gir <266>" parameters:"266"}}
01-03-2026 06:06:22.228 [Gauge] [DEBUG] Api Request Received: messageType:GetStepValueRequest messageId:4 stepValueRequest:{stepText:"Kullanıcı adını gir \"2666\""}
01-03-2026 06:06:22.228 [Gauge] [DEBUG] Sending API response: messageType:GetStepValueResponse messageId:4 stepValueResponse:{stepValue:{stepValue:"Kullanıcı adını gir {}" parameterizedStepValue:"Kullanıcı adını gir <2666>" parameters:"2666"}}
01-03-2026 06:06:23.311 [Gauge] [DEBUG] Api Request Received: messageType:GetStepValueRequest messageId:4 stepValueRequest:{stepText:"Kullanıcı adını gir \"26660\""}
01-03-2026 06:06:23.311 [Gauge] [DEBUG] Sending API response: messageType:GetStepValueResponse messageId:4 stepValueResponse:{stepValue:{stepValue:"Kullanıcı adını gir {}" parameterizedStepValue:"Kullanıcı adını gir <26660>" parameters:"26660"}}
01-03-2026 06:06:24.546 [Gauge] [DEBUG] Api Request Received: messageType:GetStepValueRequest messageId:4 stepValueRequest:{stepText:"Kullanıcı adını gir \"266601\""}
01-03-2026 06:06:24.546 [Gauge] [DEBUG] Sending API response: messageType:GetStepValueResponse messageId:4 stepValueResponse:{stepValue:{stepValue:"Kullanıcı adını gir {}" parameterizedStepValue:"Kullanıcı adını gir <266601>" parameters:"266601"}}
01-03-2026 06:06:25.830 [Gauge] [DEBUG] Api Request Received: messageType:GetStepValueRequest messageId:4 stepValueRequest:{stepText:"Kullanıcı adını gir \"2666010\""}
01-03-2026 06:06:25.831 [Gauge] [DEBUG] Sending API response: messageType:GetStepValueResponse messageId:4 stepValueResponse:{stepValue:{stepValue:"Kullanıcı adını gir {}" parameterizedStepValue:"Kullanıcı adını gir <2666010>" parameters:"2666010"}}
01-03-2026 06:06:26.405 [Gauge] [DEBUG] Api Request Received: messageType:GetStepValueRequest messageId:4 stepValueRequest:{stepText:"Kullanıcı adını gir \"26660106\""}
01-03-2026 06:06:26.406 [Gauge] [DEBUG] Sending API response: messageType:GetStepValueResponse messageId:4 stepValueResponse:{stepValue:{stepValue:"Kullanıcı adını gir {}" parameterizedStepValue:"Kullanıcı adını gir <26660106>" parameters:"26660106"}}
01-03-2026 06:06:26.566 [Gauge] [DEBUG] Api Request Received: messageType:GetStepValueRequest messageId:4 stepValueRequest:{stepText:"Kullanıcı adını gir \"266601066\""}
01-03-2026 06:06:26.566 [Gauge] [DEBUG] Sending API response: messageType:GetStepValueResponse messageId:4 stepValueResponse:{stepValue:{stepValue:"Kullanıcı adını gir {}" parameterizedStepValue:"Kullanıcı adını gir <266601066>" parameters:"266601066"}}
01-03-2026 06:06:27.228 [Gauge] [DEBUG] Api Request Received: messageType:GetStepValueRequest messageId:4 stepValueRequest:{stepText:"Kullanıcı adını gir \"2666010669\""}
01-03-2026 06:06:27.228 [Gauge] [DEBUG] Sending API response: messageType:GetStepValueResponse messageId:4 stepValueResponse:{stepValue:{stepValue:"Kullanıcı adını gir {}" parameterizedStepValue:"Kullanıcı adını gir <2666010669>" parameters:"2666010669"}}
01-03-2026 06:06:27.882 [Gauge] [DEBUG] Api Request Received: messageType:GetStepValueRequest messageId:4 stepValueRequest:{stepText:"Kullanıcı adını gir \"26660106692\""}
01-03-2026 06:06:27.883 [Gauge] [DEBUG] Sending API response: messageType:GetStepValueResponse messageId:4 stepValueResponse:{stepValue:{stepValue:"Kullanıcı adını gir {}" parameterizedStepValue:"Kullanıcı adını gir <26660106692>" parameters:"26660106692"}}
01-03-2026 15:05:17.764 [Gauge] [INFO] Initializing concepts cache with 0 concepts
01-03-2026 15:05:17.771 [Gauge] [INFO] Initializing specs cache with 2 specs
01-03-2026 15:05:17.771 [Gauge] [DEBUG] Adding specs from /Users/emresarikaya/IdeaProjects/Java/specs/home.spec
01-03-2026 15:05:17.771 [Gauge] [DEBUG] Adding specs from /Users/emresarikaya/IdeaProjects/Java/specs/login.spec
01-03-2026 15:05:17.771 [Gauge] [INFO] Initializing steps cache with 2 steps
01-03-2026 15:05:17.771 [Gauge] [INFO] Gauge daemon initialized and listening on port: 64475
01-03-2026 15:05:17.774 [Gauge] [DEBUG] Watching directory: /Users/emresarikaya/IdeaProjects/Java/specs
01-03-2026 15:05:17.775 [Gauge] [DEBUG] Found 2 files
01-03-2026 15:21:04.061 [Gauge] [DEBUG] Api Request Received: messageType:GetStepValueRequest messageId:4 stepValueRequest:{stepText:"Girişin başarılı olduğunu doğrul"}
01-03-2026 15:21:04.064 [Gauge] [DEBUG] Sending API response: messageType:GetStepValueResponse messageId:4 stepValueResponse:{stepValue:{stepValue:"Girişin başarılı olduğunu doğrul" parameterizedStepValue:"Girişin başarılı olduğunu doğrul"}}
01-03-2026 15:21:05.173 [Gauge] [DEBUG] Api Request Received: messageType:GetAllStepsRequest messageId:2 allStepsRequest:{}
01-03-2026 15:21:05.174 [Gauge] [DEBUG] Sending API response: messageType:GetAllStepResponse messageId:2 allStepsResponse:{allSteps:{stepValue:"Giriş yap butonuna tıkla login sayfasında" parameterizedStepValue:"Giriş yap butonuna tıkla login sayfasında"} allSteps:{stepValue:"Girişin başarılı olduğunu doğrula" parameterizedStepValue:"Girişin başarılı olduğunu doğrula"} allSteps:{stepValue:"Ana sayfaya git" parameterizedStepValue:"Ana sayfaya git"} allSteps:{stepValue:"Giriş yap butonunun görünür olduğunu doğrula" parameterizedStepValue:"Giriş yap butonunun görünür olduğunu doğrula"} allSteps:{stepValue:"Giriş yap butonuna tıkla" parameterizedStepValue:"Giriş yap butonuna tıkla"} allSteps:{stepValue:"Kullanıcı adını gir {}" parameterizedStepValue:"Kullanıcı adını gir <26660106692>" parameters:"26660106692"} allSteps:{stepValue:"Şifreyi gir {}" parameterizedStepValue:"Şifreyi gir <Test1234!>" parameters:"Test1234!"}}
01-03-2026 15:21:05.176 [Gauge] [DEBUG] Api Request Received: messageType:GetAllConceptsRequest messageId:6 allConceptsRequest:{}
01-03-2026 15:21:05.176 [Gauge] [DEBUG] Sending API response: messageType:GetAllConceptsResponse messageId:6 allConceptsResponse:{}
01-03-2026 15:21:06.913 [Gauge] [DEBUG] Api Request Received: messageType:GetStepValueRequest messageId:4 stepValueRequest:{stepText:"Girişin başarıl olduğunu doğrula"}
01-03-2026 15:21:06.913 [Gauge] [DEBUG] Sending API response: messageType:GetStepValueResponse messageId:4 stepValueResponse:{stepValue:{stepValue:"Girişin başarıl olduğunu doğrula" parameterizedStepValue:"Girişin başarıl olduğunu doğrula"}}
01-03-2026 15:21:07.074 [Gauge] [DEBUG] Api Request Received: messageType:GetStepValueRequest messageId:4 stepValueRequest:{stepText:"Girişin başarı olduğunu doğrula"}
01-03-2026 15:21:07.074 [Gauge] [DEBUG] Sending API response: messageType:GetStepValueResponse messageId:4 stepValueResponse:{stepValue:{stepValue:"Girişin başarı olduğunu doğrula" parameterizedStepValue:"Girişin başarı olduğunu doğrula"}}
01-03-2026 15:21:07.404 [Gauge] [DEBUG] Api Request Received: messageType:GetStepValueRequest messageId:4 stepValueRequest:{stepText:"Girişin başarıs olduğunu doğrula"}
01-03-2026 15:21:07.404 [Gauge] [DEBUG] Sending API response: messageType:GetStepValueResponse messageId:4 stepValueResponse:{stepValue:{stepValue:"Girişin başarıs olduğunu doğrula" parameterizedStepValue:"Girişin başarıs olduğunu doğrula"}}
01-03-2026 15:21:07.413 [Gauge] [DEBUG] Api Request Received: messageType:GetAllStepsRequest messageId:2 allStepsRequest:{}
01-03-2026 15:21:07.414 [Gauge] [DEBUG] Sending API response: messageType:GetAllStepResponse messageId:2 allStepsResponse:{allSteps:{stepValue:"Giriş yap butonunun görünür olduğunu doğrula" parameterizedStepValue:"Giriş yap butonunun görünür olduğunu doğrula"} allSteps:{stepValue:"Ana sayfaya git" parameterizedStepValue:"Ana sayfaya git"} allSteps:{stepValue:"Giriş yap butonuna tıkla" parameterizedStepValue:"Giriş yap butonuna tıkla"} allSteps:{stepValue:"Kullanıcı adını gir {}" parameterizedStepValue:"Kullanıcı adını gir <26660106692>" parameters:"26660106692"} allSteps:{stepValue:"Şifreyi gir {}" parameterizedStepValue:"Şifreyi gir <Test1234!>" parameters:"Test1234!"} allSteps:{stepValue:"Giriş yap butonuna tıkla login sayfasında" parameterizedStepValue:"Giriş yap butonuna tıkla login sayfasında"} allSteps:{stepValue:"Girişin başarılı olduğunu doğrula" parameterizedStepValue:"Girişin başarılı olduğunu doğrula"}}
01-03-2026 15:21:07.414 [Gauge] [DEBUG] Api Request Received: messageType:GetAllConceptsRequest messageId:6 allConceptsRequest:{}
01-03-2026 15:21:07.414 [Gauge] [DEBUG] Sending API response: messageType:GetAllConceptsResponse messageId:6 allConceptsResponse:{}
01-03-2026 15:21:07.415 [Gauge] [DEBUG] Api Request Received: messageType:GetAllStepsRequest messageId:2 allStepsRequest:{}
01-03-2026 15:21:07.415 [Gauge] [DEBUG] Sending API response: messageType:GetAllStepResponse messageId:2 allStepsResponse:{allSteps:{stepValue:"Ana sayfaya git" parameterizedStepValue:"Ana sayfaya git"} allSteps:{stepValue:"Giriş yap butonunun görünür olduğunu doğrula" parameterizedStepValue:"Giriş yap butonunun görünür olduğunu doğrula"} allSteps:{stepValue:"Giriş yap butonuna tıkla" parameterizedStepValue:"Giriş yap butonuna tıkla"} allSteps:{stepValue:"Kullanıcı adını gir {}" parameterizedStepValue:"Kullanıcı adını gir <26660106692>" parameters:"26660106692"} allSteps:{stepValue:"Şifreyi gir {}" parameterizedStepValue:"Şifreyi gir <Test1234!>" parameters:"Test1234!"} allSteps:{stepValue:"Giriş yap butonuna tıkla login sayfasında" parameterizedStepValue:"Giriş yap butonuna tıkla login sayfasında"} allSteps:{stepValue:"Girişin başarılı olduğunu doğrula" parameterizedStepValue:"Girişin başarılı olduğunu doğrula"}}
01-03-2026 15:21:07.415 [Gauge] [DEBUG] Api Request Received: messageType:GetAllConceptsRequest messageId:6 allConceptsRequest:{}
01-03-2026 15:21:07.415 [Gauge] [DEBUG] Sending API response: messageType:GetAllConceptsResponse messageId:6 allConceptsResponse:{}
01-03-2026 15:21:07.498 [Gauge] [DEBUG] Api Request Received: messageType:GetStepValueRequest messageId:4 stepValueRequest:{stepText:"Girişin başarısı olduğunu doğrula"}
01-03-2026 15:21:07.498 [Gauge] [DEBUG] Sending API response: messageType:GetStepValueResponse messageId:4 stepValueResponse:{stepValue:{stepValue:"Girişin başarısı olduğunu doğrula" parameterizedStepValue:"Girişin başarısı olduğunu doğrula"}}
01-03-2026 15:21:07.604 [Gauge] [DEBUG] Api Request Received: messageType:GetStepValueRequest messageId:4 stepValueRequest:{stepText:"Girişin başarısız olduğunu doğrula"}
01-03-2026 15:21:07.604 [Gauge] [DEBUG] Sending API response: messageType:GetStepValueResponse messageId:4 stepValueResponse:{stepValue:{stepValue:"Girişin başarısız olduğunu doğrula" parameterizedStepValue:"Girişin başarısız olduğunu doğrula"}}
01-03-2026 16:35:44.138 [Gauge] [DEBUG] Api Request Received: messageType:GetStepValueRequest messageId:4 stepValueRequest:{}
01-03-2026 16:35:44.142 [Gauge] [DEBUG] Sending API response: messageType:GetStepValueResponse messageId:4 stepValueResponse:{stepValue:{}}
01-03-2026 16:35:44.169 [Gauge] [DEBUG] Api Request Received: messageType:GetStepValueRequest messageId:4 stepValueRequest:{}
01-03-2026 16:35:44.169 [Gauge] [DEBUG] Sending API response: messageType:GetStepValueResponse messageId:4 stepValueResponse:{stepValue:{}}
01-03-2026 16:35:44.194 [Gauge] [DEBUG] Api Request Received: messageType:GetStepValueRequest messageId:4 stepValueRequest:{}
01-03-2026 16:35:44.194 [Gauge] [DEBUG] Sending API response: messageType:GetStepValueResponse messageId:4 stepValueResponse:{stepValue:{}}
01-03-2026 16:35:44.195 [Gauge] [DEBUG] Api Request Received: messageType:GetStepValueRequest messageId:4 stepValueRequest:{}
01-03-2026 16:35:44.195 [Gauge] [DEBUG] Sending API response: messageType:GetStepValueResponse messageId:4 stepValueResponse:{stepValue:{}}
01-03-2026 16:35:44.212 [Gauge] [DEBUG] Api Request Received: messageType:GetStepValueRequest messageId:4 stepValueRequest:{}
01-03-2026 16:35:44.212 [Gauge] [DEBUG] Sending API response: messageType:GetStepValueResponse messageId:4 stepValueResponse:{stepValue:{}}
01-03-2026 16:35:44.213 [Gauge] [DEBUG] Api Request Received: messageType:GetStepValueRequest messageId:4 stepValueRequest:{}
01-03-2026 16:35:44.213 [Gauge] [DEBUG] Sending API response: messageType:GetStepValueResponse messageId:4 stepValueResponse:{stepValue:{}}
01-03-2026 16:35:44.222 [Gauge] [DEBUG] Api Request Received: messageType:GetStepValueRequest messageId:4 stepValueRequest:{}
01-03-2026 16:35:44.222 [Gauge] [DEBUG] Sending API response: messageType:GetStepValueResponse messageId:4 stepValueResponse:{stepValue:{}}
01-03-2026 16:35:44.223 [Gauge] [DEBUG] Api Request Received: messageType:GetStepValueRequest messageId:4 stepValueRequest:{}
01-03-2026 16:35:44.223 [Gauge] [DEBUG] Sending API response: messageType:GetStepValueResponse messageId:4 stepValueResponse:{stepValue:{}}
01-03-2026 16:35:44.241 [Gauge] [DEBUG] Api Request Received: messageType:GetStepValueRequest messageId:4 stepValueRequest:{}
01-03-2026 16:35:44.241 [Gauge] [DEBUG] Sending API response: messageType:GetStepValueResponse messageId:4 stepValueResponse:{stepValue:{}}
01-03-2026 16:35:44.242 [Gauge] [DEBUG] Api Request Received: messageType:GetStepValueRequest messageId:4 stepValueRequest:{}
01-03-2026 16:35:44.242 [Gauge] [DEBUG] Sending API response: messageType:GetStepValueResponse messageId:4 stepValueResponse:{stepValue:{}}
01-03-2026 16:35:44.439 [Gauge] [DEBUG] Api Request Received: messageType:GetStepValueRequest messageId:4 stepValueRequest:{}
01-03-2026 16:35:44.439 [Gauge] [DEBUG] Sending API response: messageType:GetStepValueResponse messageId:4 stepValueResponse:{stepValue:{}}
01-03-2026 16:35:45.220 [Gauge] [DEBUG] Api Request Received: messageType:GetStepValueRequest messageId:4 stepValueRequest:{}
01-03-2026 16:35:45.221 [Gauge] [DEBUG] Sending API response: messageType:GetStepValueResponse messageId:4 stepValueResponse:{stepValue:{}}
01-03-2026 16:35:45.223 [Gauge] [DEBUG] Api Request Received: messageType:GetStepValueRequest messageId:4 stepValueRequest:{}
01-03-2026 16:35:45.223 [Gauge] [DEBUG] Sending API response: messageType:GetStepValueResponse messageId:4 stepValueResponse:{stepValue:{}}
01-03-2026 16:35:45.237 [Gauge] [DEBUG] Api Request Received: messageType:GetStepValueRequest messageId:4 stepValueRequest:{}
01-03-2026 16:35:45.238 [Gauge] [DEBUG] Sending API response: messageType:GetStepValueResponse messageId:4 stepValueResponse:{stepValue:{}}
01-03-2026 16:35:45.238 [Gauge] [DEBUG] Api Request Received: messageType:GetStepValueRequest messageId:4 stepValueRequest:{}
01-03-2026 16:35:45.238 [Gauge] [DEBUG] Sending API response: messageType:GetStepValueResponse messageId:4 stepValueResponse:{stepValue:{}}
01-03-2026 16:35:45.259 [Gauge] [DEBUG] Api Request Received: messageType:GetStepValueRequest messageId:4 stepValueRequest:{}
01-03-2026 16:35:45.259 [Gauge] [DEBUG] Sending API response: messageType:GetStepValueResponse messageId:4 stepValueResponse:{stepValue:{}}
01-03-2026 16:35:45.260 [Gauge] [DEBUG] Api Request Received: messageType:GetStepValueRequest messageId:4 stepValueRequest:{}
01-03-2026 16:35:45.260 [Gauge] [DEBUG] Sending API response: messageType:GetStepValueResponse messageId:4 stepValueResponse:{stepValue:{}}
01-03-2026 16:35:45.272 [Gauge] [DEBUG] Api Request Received: messageType:GetStepValueRequest messageId:4 stepValueRequest:{}
01-03-2026 16:35:45.273 [Gauge] [DEBUG] Sending API response: messageType:GetStepValueResponse messageId:4 stepValueResponse:{stepValue:{}}
01-03-2026 16:35:45.273 [Gauge] [DEBUG] Api Request Received: messageType:GetStepValueRequest messageId:4 stepValueRequest:{}
01-03-2026 16:35:45.273 [Gauge] [DEBUG] Sending API response: messageType:GetStepValueResponse messageId:4 stepValueResponse:{stepValue:{}}
01-03-2026 16:35:45.525 [Gauge] [DEBUG] Api Request Received: messageType:GetStepValueRequest messageId:4 stepValueRequest:{}
01-03-2026 16:35:45.525 [Gauge] [DEBUG] Sending API response: messageType:GetStepValueResponse messageId:4 stepValueResponse:{stepValue:{}}
01-03-2026 16:35:55.141 [Gauge] [DEBUG] Api Request Received: messageType:GetStepValueRequest messageId:4 stepValueRequest:{stepText:"Servis tarafında girişin başarısız olduğunu doğrula \"11111111111\" \"YanlisŞifre123\""}
01-03-2026 16:35:55.142 [Gauge] [DEBUG] Sending API response: messageType:GetStepValueResponse messageId:4 stepValueResponse:{stepValue:{stepValue:"Servis tarafında girişin başarısız olduğunu doğrula {} {}" parameterizedStepValue:"Servis tarafında girişin başarısız olduğunu doğrula <11111111111> <YanlisŞifre123>" parameters:"11111111111" parameters:"YanlisŞifre123"}}
01-03-2026 16:36:04.266 [Gauge] [DEBUG] Api Request Received: messageType:GetStepValueRequest messageId:4 stepValueRequest:{stepText:"Servis tarafında girişin başarısız olduğunu doğrula <11111111111> <YanlisŞifre123>"}
01-03-2026 16:36:04.267 [Gauge] [DEBUG] Sending API response: messageType:GetStepValueResponse messageId:4 stepValueResponse:{stepValue:{stepValue:"Servis tarafında girişin başarısız olduğunu doğrula {} {}" parameterizedStepValue:"Servis tarafında girişin başarısız olduğunu doğrula <11111111111> <YanlisŞifre123>" parameters:"11111111111" parameters:"YanlisŞifre123"}}
01-03-2026 17:11:25.487 [Gauge] [DEBUG] Api Request Received: messageType:GetStepValueRequest messageId:4 stepValueRequest:{stepText:"Servis tarafında girişin başarısız olduğunu doğrula <t> <YanlisŞifre123>"}
01-03-2026 17:11:25.498 [Gauge] [DEBUG] Sending API response: messageType:GetStepValueResponse messageId:4 stepValueResponse:{stepValue:{stepValue:"Servis tarafında girişin başarısız olduğunu doğrula {} {}" parameterizedStepValue:"Servis tarafında girişin başarısız olduğunu doğrula <t> <YanlisŞifre123>" parameters:"t" parameters:"YanlisŞifre123"}}
01-03-2026 17:11:25.500 [Gauge] [DEBUG] Api Request Received: messageType:GetStepValueRequest messageId:4 stepValueRequest:{stepText:"Servis tarafında girişin başarısız olduğunu doğrula <t> <YanlisŞifre123>"}
01-03-2026 17:11:25.500 [Gauge] [DEBUG] Sending API response: messageType:GetStepValueResponse messageId:4 stepValueResponse:{stepValue:{stepValue:"Servis tarafında girişin başarısız olduğunu doğrula {} {}" parameterizedStepValue:"Servis tarafında girişin başarısız olduğunu doğrula <t> <YanlisŞifre123>" parameters:"t" parameters:"YanlisŞifre123"}}
01-03-2026 17:11:25.500 [Gauge] [DEBUG] Api Request Received: messageType:GetStepValueRequest messageId:4 stepValueRequest:{stepText:"Servis tarafında girişin başarısız olduğunu doğrula <t> <YanlisŞifre123>"}
01-03-2026 17:11:25.500 [Gauge] [DEBUG] Sending API response: messageType:GetStepValueResponse messageId:4 stepValueResponse:{stepValue:{stepValue:"Servis tarafında girişin başarısız olduğunu doğrula {} {}" parameterizedStepValue:"Servis tarafında girişin başarısız olduğunu doğrula <t> <YanlisŞifre123>" parameters:"t" parameters:"YanlisŞifre123"}}
01-03-2026 17:11:26.352 [Gauge] [DEBUG] Api Request Received: messageType:GetStepValueRequest messageId:4 stepValueRequest:{stepText:"Servis tarafında girişin başarısız olduğunu doğrula <tckn> <YanlisŞifre123>"}
01-03-2026 17:11:26.352 [Gauge] [DEBUG] Sending API response: messageType:GetStepValueResponse messageId:4 stepValueResponse:{stepValue:{stepValue:"Servis tarafında girişin başarısız olduğunu doğrula {} {}" parameterizedStepValue:"Servis tarafında girişin başarısız olduğunu doğrula <tckn> <YanlisŞifre123>" parameters:"tckn" parameters:"YanlisŞifre123"}}
01-03-2026 17:11:26.353 [Gauge] [DEBUG] Api Request Received: messageType:GetStepValueRequest messageId:4 stepValueRequest:{stepText:"Servis tarafında girişin başarısız olduğunu doğrula <tckn> <YanlisŞifre123>"}
01-03-2026 17:11:26.354 [Gauge] [DEBUG] Sending API response: messageType:GetStepValueResponse messageId:4 stepValueResponse:{stepValue:{stepValue:"Servis tarafında girişin başarısız olduğunu doğrula {} {}" parameterizedStepValue:"Servis tarafında girişin başarısız olduğunu doğrula <tckn> <YanlisŞifre123>" parameters:"tckn" parameters:"YanlisŞifre123"}}
01-03-2026 17:11:29.660 [Gauge] [DEBUG] Api Request Received: messageType:GetStepValueRequest messageId:4 stepValueRequest:{stepText:"Servis tarafında girişin başarısız olduğunu doğrula <tckn> <password>"}
01-03-2026 17:11:29.661 [Gauge] [DEBUG] Sending API response: messageType:GetStepValueResponse messageId:4 stepValueResponse:{stepValue:{stepValue:"Servis tarafında girişin başarısız olduğunu doğrula {} {}" parameterizedStepValue:"Servis tarafında girişin başarısız olduğunu doğrula <tckn> <password>" parameters:"tckn" parameters:"password"}}
01-03-2026 17:11:29.662 [Gauge] [DEBUG] Api Request Received: messageType:GetStepValueRequest messageId:4 stepValueRequest:{stepText:"Servis tarafında girişin başarısız olduğunu doğrula <tckn> <password>"}
01-03-2026 17:11:29.662 [Gauge] [DEBUG] Sending API response: messageType:GetStepValueResponse messageId:4 stepValueResponse:{stepValue:{stepValue:"Servis tarafında girişin başarısız olduğunu doğrula {} {}" parameterizedStepValue:"Servis tarafında girişin başarısız olduğunu doğrula <tckn> <password>" parameters:"tckn" parameters:"password"}}
01-03-2026 17:12:00.195 [Gauge] [DEBUG] Api Request Received: messageType:GetStepValueRequest messageId:4 stepValueRequest:{stepText:"Servis tarafında girişin başarısız olduğunu doğrula \"u\" \"YanlisŞifre123\""}
01-03-2026 17:12:00.196 [Gauge] [DEBUG] Sending API response: messageType:GetStepValueResponse messageId:4 stepValueResponse:{stepValue:{stepValue:"Servis tarafında girişin başarısız olduğunu doğrula {} {}" parameterizedStepValue:"Servis tarafında girişin başarısız olduğunu doğrula <u> <YanlisŞifre123>" parameters:"u" parameters:"YanlisŞifre123"}}
01-03-2026 17:12:00.256 [Gauge] [DEBUG] Api Request Received: messageType:GetStepValueRequest messageId:4 stepValueRequest:{stepText:"Servis tarafında girişin başarısız olduğunu doğrula \"us\" \"YanlisŞifre123\""}
01-03-2026 17:12:00.256 [Gauge] [DEBUG] Sending API response: messageType:GetStepValueResponse messageId:4 stepValueResponse:{stepValue:{stepValue:"Servis tarafında girişin başarısız olduğunu doğrula {} {}" parameterizedStepValue:"Servis tarafında girişin başarısız olduğunu doğrula <us> <YanlisŞifre123>" parameters:"us" parameters:"YanlisŞifre123"}}
01-03-2026 17:12:00.455 [Gauge] [DEBUG] Api Request Received: messageType:GetStepValueRequest messageId:4 stepValueRequest:{stepText:"Servis tarafında girişin başarısız olduğunu doğrula \"use\" \"YanlisŞifre123\""}
01-03-2026 17:12:00.455 [Gauge] [DEBUG] Sending API response: messageType:GetStepValueResponse messageId:4 stepValueResponse:{stepValue:{stepValue:"Servis tarafında girişin başarısız olduğunu doğrula {} {}" parameterizedStepValue:"Servis tarafında girişin başarısız olduğunu doğrula <use> <YanlisŞifre123>" parameters:"use" parameters:"YanlisŞifre123"}}
01-03-2026 17:12:00.512 [Gauge] [DEBUG] Api Request Received: messageType:GetStepValueRequest messageId:4 stepValueRequest:{stepText:"Servis tarafında girişin başarısız olduğunu doğrula \"user\" \"YanlisŞifre123\""}
01-03-2026 17:12:00.512 [Gauge] [DEBUG] Sending API response: messageType:GetStepValueResponse messageId:4 stepValueResponse:{stepValue:{stepValue:"Servis tarafında girişin başarısız olduğunu doğrula {} {}" parameterizedStepValue:"Servis tarafında girişin başarısız olduğunu doğrula <user> <YanlisŞifre123>" parameters:"user" parameters:"YanlisŞifre123"}}
01-03-2026 17:12:00.628 [Gauge] [DEBUG] Api Request Received: messageType:GetStepValueRequest messageId:4 stepValueRequest:{stepText:"Servis tarafında girişin başarısız olduğunu doğrula \"usern\" \"YanlisŞifre123\""}
01-03-2026 17:12:00.628 [Gauge] [DEBUG] Sending API response: messageType:GetStepValueResponse messageId:4 stepValueResponse:{stepValue:{stepValue:"Servis tarafında girişin başarısız olduğunu doğrula {} {}" parameterizedStepValue:"Servis tarafında girişin başarısız olduğunu doğrula <usern> <YanlisŞifre123>" parameters:"usern" parameters:"YanlisŞifre123"}}
01-03-2026 17:12:00.703 [Gauge] [DEBUG] Api Request Received: messageType:GetStepValueRequest messageId:4 stepValueRequest:{stepText:"Servis tarafında girişin başarısız olduğunu doğrula \"userna\" \"YanlisŞifre123\""}
01-03-2026 17:12:00.704 [Gauge] [DEBUG] Sending API response: messageType:GetStepValueResponse messageId:4 stepValueResponse:{stepValue:{stepValue:"Servis tarafında girişin başarısız olduğunu doğrula {} {}" parameterizedStepValue:"Servis tarafında girişin başarısız olduğunu doğrula <userna> <YanlisŞifre123>" parameters:"userna" parameters:"YanlisŞifre123"}}
01-03-2026 17:12:00.812 [Gauge] [DEBUG] Api Request Received: messageType:GetStepValueRequest messageId:4 stepValueRequest:{stepText:"Servis tarafında girişin başarısız olduğunu doğrula \"usernam\" \"YanlisŞifre123\""}
01-03-2026 17:12:00.812 [Gauge] [DEBUG] Sending API response: messageType:GetStepValueResponse messageId:4 stepValueResponse:{stepValue:{stepValue:"Servis tarafında girişin başarısız olduğunu doğrula {} {}" parameterizedStepValue:"Servis tarafında girişin başarısız olduğunu doğrula <usernam> <YanlisŞifre123>" parameters:"usernam" parameters:"YanlisŞifre123"}}
01-03-2026 17:12:00.855 [Gauge] [DEBUG] Api Request Received: messageType:GetStepValueRequest messageId:4 stepValueRequest:{stepText:"Servis tarafında girişin başarısız olduğunu doğrula \"username\" \"YanlisŞifre123\""}
01-03-2026 17:12:00.855 [Gauge] [DEBUG] Sending API response: messageType:GetStepValueResponse messageId:4 stepValueResponse:{stepValue:{stepValue:"Servis tarafında girişin başarısız olduğunu doğrula {} {}" parameterizedStepValue:"Servis tarafında girişin başarısız olduğunu doğrula <username> <YanlisŞifre123>" parameters:"username" parameters:"YanlisŞifre123"}}
01-03-2026 17:12:02.635 [Gauge] [DEBUG] Api Request Received: messageType:GetStepValueRequest messageId:4 stepValueRequest:{stepText:"Servis tarafında girişin başarısız olduğunu doğrula \"username\" \"p\""}
01-03-2026 17:12:02.635 [Gauge] [DEBUG] Sending API response: messageType:GetStepValueResponse messageId:4 stepValueResponse:{stepValue:{stepValue:"Servis tarafında girişin başarısız olduğunu doğrula {} {}" parameterizedStepValue:"Servis tarafında girişin başarısız olduğunu doğrula <username> <p>" parameters:"username" parameters:"p"}}
01-03-2026 17:12:02.738 [Gauge] [DEBUG] Api Request Received: messageType:GetStepValueRequest messageId:4 stepValueRequest:{stepText:"Servis tarafında girişin başarısız olduğunu doğrula \"username\" \"pa\""}
01-03-2026 17:12:02.738 [Gauge] [DEBUG] Sending API response: messageType:GetStepValueResponse messageId:4 stepValueResponse:{stepValue:{stepValue:"Servis tarafında girişin başarısız olduğunu doğrula {} {}" parameterizedStepValue:"Servis tarafında girişin başarısız olduğunu doğrula <username> <pa>" parameters:"username" parameters:"pa"}}
01-03-2026 17:12:02.787 [Gauge] [DEBUG] Api Request Received: messageType:GetStepValueRequest messageId:4 stepValueRequest:{stepText:"Servis tarafında girişin başarısız olduğunu doğrula \"username\" \"pas\""}
01-03-2026 17:12:02.787 [Gauge] [DEBUG] Sending API response: messageType:GetStepValueResponse messageId:4 stepValueResponse:{stepValue:{stepValue:"Servis tarafında girişin başarısız olduğunu doğrula {} {}" parameterizedStepValue:"Servis tarafında girişin başarısız olduğunu doğrula <username> <pas>" parameters:"username" parameters:"pas"}}
01-03-2026 17:12:02.965 [Gauge] [DEBUG] Api Request Received: messageType:GetStepValueRequest messageId:4 stepValueRequest:{stepText:"Servis tarafında girişin başarısız olduğunu doğrula \"username\" \"pass\""}
01-03-2026 17:12:02.965 [Gauge] [DEBUG] Sending API response: messageType:GetStepValueResponse messageId:4 stepValueResponse:{stepValue:{stepValue:"Servis tarafında girişin başarısız olduğunu doğrula {} {}" parameterizedStepValue:"Servis tarafında girişin başarısız olduğunu doğrula <username> <pass>" parameters:"username" parameters:"pass"}}
01-03-2026 17:12:03.159 [Gauge] [DEBUG] Api Request Received: messageType:GetStepValueRequest messageId:4 stepValueRequest:{stepText:"Servis tarafında girişin başarısız olduğunu doğrula \"username\" \"passw\""}
01-03-2026 17:12:03.159 [Gauge] [DEBUG] Sending API response: messageType:GetStepValueResponse messageId:4 stepValueResponse:{stepValue:{stepValue:"Servis tarafında girişin başarısız olduğunu doğrula {} {}" parameterizedStepValue:"Servis tarafında girişin başarısız olduğunu doğrula <username> <passw>" parameters:"username" parameters:"passw"}}
01-03-2026 17:12:03.290 [Gauge] [DEBUG] Api Request Received: messageType:GetStepValueRequest messageId:4 stepValueRequest:{stepText:"Servis tarafında girişin başarısız olduğunu doğrula \"username\" \"passwo\""}
01-03-2026 17:12:03.290 [Gauge] [DEBUG] Sending API response: messageType:GetStepValueResponse messageId:4 stepValueResponse:{stepValue:{stepValue:"Servis tarafında girişin başarısız olduğunu doğrula {} {}" parameterizedStepValue:"Servis tarafında girişin başarısız olduğunu doğrula <username> <passwo>" parameters:"username" parameters:"passwo"}}
01-03-2026 17:12:03.344 [Gauge] [DEBUG] Api Request Received: messageType:GetStepValueRequest messageId:4 stepValueRequest:{stepText:"Servis tarafında girişin başarısız olduğunu doğrula \"username\" \"passwor\""}
01-03-2026 17:12:03.344 [Gauge] [DEBUG] Sending API response: messageType:GetStepValueResponse messageId:4 stepValueResponse:{stepValue:{stepValue:"Servis tarafında girişin başarısız olduğunu doğrula {} {}" parameterizedStepValue:"Servis tarafında girişin başarısız olduğunu doğrula <username> <passwor>" parameters:"username" parameters:"passwor"}}
01-03-2026 17:12:03.479 [Gauge] [DEBUG] Api Request Received: messageType:GetStepValueRequest messageId:4 stepValueRequest:{stepText:"Servis tarafında girişin başarısız olduğunu doğrula \"username\" \"password\""}
01-03-2026 17:12:03.479 [Gauge] [DEBUG] Sending API response: messageType:GetStepValueResponse messageId:4 stepValueResponse:{stepValue:{stepValue:"Servis tarafında girişin başarısız olduğunu doğrula {} {}" parameterizedStepValue:"Servis tarafında girişin başarısız olduğunu doğrula <username> <password>" parameters:"username" parameters:"password"}}
01-03-2026 17:12:05.890 [Gauge] [DEBUG] Api Request Received: messageType:GetStepValueRequest messageId:4 stepValueRequest:{stepText:"Servis tarafında girişin başarısız olduğunu doğrula \"username\" \"password\"" hasInlineTable:true}
01-03-2026 17:12:05.890 [Gauge] [DEBUG] Sending API response: messageType:GetStepValueResponse messageId:4 stepValueResponse:{stepValue:{stepValue:"Servis tarafında girişin başarısız olduğunu doğrula {} {} {}" parameterizedStepValue:"Servis tarafında girişin başarısız olduğunu doğrula <username> <password> <table>" parameters:"username" parameters:"password" parameters:"table"}}
01-03-2026 17:15:28.871 [Gauge] [DEBUG] Api Request Received: messageType:GetStepValueRequest messageId:4 stepValueRequest:{stepText:"Servis tarafında girişin başarısız olduğunu doğrula <tckn> <password>" hasInlineTable:true}
01-03-2026 17:15:28.875 [Gauge] [DEBUG] Sending API response: messageType:GetStepValueResponse messageId:4 stepValueResponse:{stepValue:{stepValue:"Servis tarafında girişin başarısız olduğunu doğrula {} {} {}" parameterizedStepValue:"Servis tarafında girişin başarısız olduğunu doğrula <tckn> <password> <table>" parameters:"tckn" parameters:"password" parameters:"table"}}
01-03-2026 17:16:05.088 [Gauge] [DEBUG] Api Request Received: messageType:GetStepValueRequest messageId:4 stepValueRequest:{stepText:"Servis tarafında girişin başarısız olduğunu doğrula tckn> <password>" hasInlineTable:true}
01-03-2026 17:16:05.089 [Gauge] [DEBUG] Sending API response: messageType:GetStepValueResponse messageId:4 stepValueResponse:{stepValue:{stepValue:"Servis tarafında girişin başarısız olduğunu doğrula tckn> {} {}" parameterizedStepValue:"Servis tarafında girişin başarısız olduğunu doğrula tckn> <password> <table>" parameters:"password" parameters:"table"}}
01-03-2026 17:16:05.433 [Gauge] [DEBUG] Api Request Received: messageType:GetStepValueRequest messageId:4 stepValueRequest:{stepText:"Servis tarafında girişin başarısız olduğunu doğrula"}
01-03-2026 17:16:05.434 [Gauge] [DEBUG] Sending API response: messageType:GetStepValueResponse messageId:4 stepValueResponse:{stepValue:{stepValue:"Servis tarafında girişin başarısız olduğunu doğrula" parameterizedStepValue:"Servis tarafında girişin başarısız olduğunu doğrula"}}
01-03-2026 17:16:06.937 [Gauge] [DEBUG] Api Request Received: messageType:GetStepValueRequest messageId:4 stepValueRequest:{stepText:"Servis tarafında girişin başarısız olduğunu doğrula \"tckn\" <password>" hasInlineTable:true}
01-03-2026 17:16:06.937 [Gauge] [DEBUG] Sending API response: messageType:GetStepValueResponse messageId:4 stepValueResponse:{stepValue:{stepValue:"Servis tarafında girişin başarısız olduğunu doğrula {} {} {}" parameterizedStepValue:"Servis tarafında girişin başarısız olduğunu doğrula <tckn> <password> <table>" parameters:"tckn" parameters:"password" parameters:"table"}}
01-03-2026 17:16:11.318 [Gauge] [DEBUG] Api Request Received: messageType:GetStepValueRequest messageId:4 stepValueRequest:{stepText:"Servis tarafında girişin başarısız olduğunu doğrula \"tckn\" password>" hasInlineTable:true}
01-03-2026 17:16:11.318 [Gauge] [DEBUG] Sending API response: messageType:GetStepValueResponse messageId:4 stepValueResponse:{stepValue:{stepValue:"Servis tarafında girişin başarısız olduğunu doğrula {} password> {}" parameterizedStepValue:"Servis tarafında girişin başarısız olduğunu doğrula <tckn> password> <table>" parameters:"tckn" parameters:"table"}}
01-03-2026 17:16:11.428 [Gauge] [DEBUG] Api Request Received: messageType:GetStepValueRequest messageId:4 stepValueRequest:{stepText:"Servis tarafında girişin başarısız olduğunu doğrula \"tckn\"    password>" hasInlineTable:true}
01-03-2026 17:16:11.428 [Gauge] [DEBUG] Sending API response: messageType:GetStepValueResponse messageId:4 stepValueResponse:{stepValue:{stepValue:"Servis tarafında girişin başarısız olduğunu doğrula {}    password> {}" parameterizedStepValue:"Servis tarafında girişin başarısız olduğunu doğrula <tckn>    password> <table>" parameters:"tckn" parameters:"table"}}
01-03-2026 17:16:12.246 [Gauge] [DEBUG] Api Request Received: messageType:GetStepValueRequest messageId:4 stepValueRequest:{stepText:"Servis tarafında girişin başarısız olduğunu doğrula \"tckn\"   password>" hasInlineTable:true}
01-03-2026 17:16:12.246 [Gauge] [DEBUG] Sending API response: messageType:GetStepValueResponse messageId:4 stepValueResponse:{stepValue:{stepValue:"Servis tarafında girişin başarısız olduğunu doğrula {}   password> {}" parameterizedStepValue:"Servis tarafında girişin başarısız olduğunu doğrula <tckn>   password> <table>" parameters:"tckn" parameters:"table"}}
01-03-2026 17:16:12.686 [Gauge] [DEBUG] Api Request Received: messageType:GetStepValueRequest messageId:4 stepValueRequest:{stepText:"Servis tarafında girişin başarısız olduğunu doğrula \"tckn\"  password>" hasInlineTable:true}
01-03-2026 17:16:12.686 [Gauge] [DEBUG] Sending API response: messageType:GetStepValueResponse messageId:4 stepValueResponse:{stepValue:{stepValue:"Servis tarafında girişin başarısız olduğunu doğrula {}  password> {}" parameterizedStepValue:"Servis tarafında girişin başarısız olduğunu doğrula <tckn>  password> <table>" parameters:"tckn" parameters:"table"}}
01-03-2026 17:16:13.476 [Gauge] [DEBUG] Api Request Received: messageType:GetStepValueRequest messageId:4 stepValueRequest:{stepText:"Servis tarafında girişin başarısız olduğunu doğrula \"tckn\""}
01-03-2026 17:16:13.476 [Gauge] [DEBUG] Sending API response: messageType:GetStepValueResponse messageId:4 stepValueResponse:{stepValue:{stepValue:"Servis tarafında girişin başarısız olduğunu doğrula {}" parameterizedStepValue:"Servis tarafında girişin başarısız olduğunu doğrula <tckn>" parameters:"tckn"}}
01-03-2026 17:16:15.603 [Gauge] [DEBUG] Api Request Received: messageType:GetStepValueRequest messageId:4 stepValueRequest:{stepText:"Servis tarafında girişin başarısız olduğunu doğrula \"tckn\" \"password\"" hasInlineTable:true}
01-03-2026 17:16:15.603 [Gauge] [DEBUG] Sending API response: messageType:GetStepValueResponse messageId:4 stepValueResponse:{stepValue:{stepValue:"Servis tarafında girişin başarısız olduğunu doğrula {} {} {}" parameterizedStepValue:"Servis tarafında girişin başarısız olduğunu doğrula <tckn> <password> <table>" parameters:"tckn" parameters:"password" parameters:"table"}}
01-03-2026 17:16:17.911 [Gauge] [DEBUG] Api Request Received: messageType:GetStepValueRequest messageId:4 stepValueRequest:{stepText:"Servis tarafında girişin başarısız olduğunu doğrula \"tckn\" ,\"password\"" hasInlineTable:true}
01-03-2026 17:16:17.911 [Gauge] [DEBUG] Sending API response: messageType:GetStepValueResponse messageId:4 stepValueResponse:{stepValue:{stepValue:"Servis tarafında girişin başarısız olduğunu doğrula {} ,{} {}" parameterizedStepValue:"Servis tarafında girişin başarısız olduğunu doğrula <tckn> ,<password> <table>" parameters:"tckn" parameters:"password" parameters:"table"}}
01-03-2026 17:20:56.639 [Gauge] [DEBUG] Api Request Received: messageType:GetStepValueRequest messageId:4 stepValueRequest:{stepText:"Servis tarafında girişin başarısız olduğunu doğrula tckn\" \"password"}
01-03-2026 17:20:56.640 [Gauge] [DEBUG] Sending API response: messageType:GetStepValueResponse messageId:4 stepValueResponse:{stepValue:{stepValue:"Servis tarafında girişin başarısız olduğunu doğrula tckn{}password" parameterizedStepValue:"Servis tarafında girişin başarısız olduğunu doğrula tckn< >password" parameters:" "}}
01-03-2026 17:20:56.969 [Gauge] [DEBUG] Api Request Received: messageType:GetStepValueRequest messageId:4 stepValueRequest:{stepText:"Servis tarafında girişin başarısız olduğunu doğrula >tckn\" \"password"}
01-03-2026 17:20:56.969 [Gauge] [DEBUG] Sending API response: messageType:GetStepValueResponse messageId:4 stepValueResponse:{stepValue:{stepValue:"Servis tarafında girişin başarısız olduğunu doğrula >tckn{}password" parameterizedStepValue:"Servis tarafında girişin başarısız olduğunu doğrula >tckn< >password" parameters:" "}}
01-03-2026 17:20:59.589 [Gauge] [DEBUG] Api Request Received: messageType:GetStepValueRequest messageId:4 stepValueRequest:{stepText:"Servis tarafında girişin başarısız olduğunu doğrula <tckn> \"password\"" hasInlineTable:true}
01-03-2026 17:20:59.590 [Gauge] [DEBUG] Sending API response: messageType:GetStepValueResponse messageId:4 stepValueResponse:{stepValue:{stepValue:"Servis tarafında girişin başarısız olduğunu doğrula {} {} {}" parameterizedStepValue:"Servis tarafında girişin başarısız olduğunu doğrula <tckn> <password> <table>" parameters:"tckn" parameters:"password" parameters:"table"}}
01-03-2026 17:21:01.342 [Gauge] [DEBUG] Api Request Received: messageType:GetStepValueRequest messageId:4 stepValueRequest:{stepText:"Servis tarafında girişin başarısız olduğunu doğrula <tckn> password"}
01-03-2026 17:21:01.342 [Gauge] [DEBUG] Sending API response: messageType:GetStepValueResponse messageId:4 stepValueResponse:{stepValue:{stepValue:"Servis tarafında girişin başarısız olduğunu doğrula {} password" parameterizedStepValue:"Servis tarafında girişin başarısız olduğunu doğrula <tckn> password" parameters:"tckn"}}
01-03-2026 17:21:01.922 [Gauge] [DEBUG] Api Request Received: messageType:GetStepValueRequest messageId:4 stepValueRequest:{stepText:"Servis tarafında girişin başarısız olduğunu doğrula <tckn>"}
01-03-2026 17:21:01.922 [Gauge] [DEBUG] Sending API response: messageType:GetStepValueResponse messageId:4 stepValueResponse:{stepValue:{stepValue:"Servis tarafında girişin başarısız olduğunu doğrula {}" parameterizedStepValue:"Servis tarafında girişin başarısız olduğunu doğrula <tckn>" parameters:"tckn"}}
01-03-2026 17:29:06.460 [Gauge] [DEBUG] Api Request Received: messageType:GetStepValueRequest messageId:4 stepValueRequest:{stepText:"Servis tarafında girişin başarısız olduğunu doğrula  <password>"}
01-03-2026 17:29:06.467 [Gauge] [DEBUG] Sending API response: messageType:GetStepValueResponse messageId:4 stepValueResponse:{stepValue:{stepValue:"Servis tarafında girişin başarısız olduğunu doğrula  {}" parameterizedStepValue:"Servis tarafında girişin başarısız olduğunu doğrula  <password>" parameters:"password"}}
01-03-2026 17:29:06.627 [Gauge] [DEBUG] Api Request Received: messageType:GetStepValueRequest messageId:4 stepValueRequest:{stepText:"Servis tarafında girişin başarısız olduğunu doğrula 2 <password>"}
01-03-2026 17:29:06.627 [Gauge] [DEBUG] Sending API response: messageType:GetStepValueResponse messageId:4 stepValueResponse:{stepValue:{stepValue:"Servis tarafında girişin başarısız olduğunu doğrula 2 {}" parameterizedStepValue:"Servis tarafında girişin başarısız olduğunu doğrula 2 <password>" parameters:"password"}}
01-03-2026 17:29:06.649 [Gauge] [DEBUG] Api Request Received: messageType:GetAllStepsRequest messageId:2 allStepsRequest:{}
01-03-2026 17:29:06.650 [Gauge] [DEBUG] Sending API response: messageType:GetAllStepResponse messageId:2 allStepsResponse:{allSteps:{stepValue:"Girişin başarılı olduğunu doğrula" parameterizedStepValue:"Girişin başarılı olduğunu doğrula"} allSteps:{stepValue:"Ana sayfaya git" parameterizedStepValue:"Ana sayfaya git"} allSteps:{stepValue:"Giriş yap butonunun görünür olduğunu doğrula" parameterizedStepValue:"Giriş yap butonunun görünür olduğunu doğrula"} allSteps:{stepValue:"Giriş yap butonuna tıkla" parameterizedStepValue:"Giriş yap butonuna tıkla"} allSteps:{stepValue:"Kullanıcı adını gir {}" parameterizedStepValue:"Kullanıcı adını gir <26660106692>" parameters:"26660106692"} allSteps:{stepValue:"Şifreyi gir {}" parameterizedStepValue:"Şifreyi gir <Test1234!>" parameters:"Test1234!"} allSteps:{stepValue:"Giriş yap butonuna tıkla login sayfasında" parameterizedStepValue:"Giriş yap butonuna tıkla login sayfasında"}}
01-03-2026 17:29:06.651 [Gauge] [DEBUG] Api Request Received: messageType:GetAllConceptsRequest messageId:6 allConceptsRequest:{}
01-03-2026 17:29:06.651 [Gauge] [DEBUG] Sending API response: messageType:GetAllConceptsResponse messageId:6 allConceptsResponse:{}
01-03-2026 17:29:06.652 [Gauge] [DEBUG] Api Request Received: messageType:GetAllStepsRequest messageId:2 allStepsRequest:{}
01-03-2026 17:29:06.652 [Gauge] [DEBUG] Sending API response: messageType:GetAllStepResponse messageId:2 allStepsResponse:{allSteps:{stepValue:"Giriş yap butonunun görünür olduğunu doğrula" parameterizedStepValue:"Giriş yap butonunun görünür olduğunu doğrula"} allSteps:{stepValue:"Giriş yap butonuna tıkla" parameterizedStepValue:"Giriş yap butonuna tıkla"} allSteps:{stepValue:"Kullanıcı adını gir {}" parameterizedStepValue:"Kullanıcı adını gir <26660106692>" parameters:"26660106692"} allSteps:{stepValue:"Şifreyi gir {}" parameterizedStepValue:"Şifreyi gir <Test1234!>" parameters:"Test1234!"} allSteps:{stepValue:"Giriş yap butonuna tıkla login sayfasında" parameterizedStepValue:"Giriş yap butonuna tıkla login sayfasında"} allSteps:{stepValue:"Girişin başarılı olduğunu doğrula" parameterizedStepValue:"Girişin başarılı olduğunu doğrula"} allSteps:{stepValue:"Ana sayfaya git" parameterizedStepValue:"Ana sayfaya git"}}
01-03-2026 17:29:06.652 [Gauge] [DEBUG] Api Request Received: messageType:GetAllConceptsRequest messageId:6 allConceptsRequest:{}
01-03-2026 17:29:06.652 [Gauge] [DEBUG] Sending API response: messageType:GetAllConceptsResponse messageId:6 allConceptsResponse:{}
01-03-2026 17:29:07.834 [Gauge] [DEBUG] Api Request Received: messageType:GetStepValueRequest messageId:4 stepValueRequest:{stepText:"Servis tarafında girişin başarısız olduğunu doğrula 26 <password>"}
01-03-2026 17:29:07.835 [Gauge] [DEBUG] Sending API response: messageType:GetStepValueResponse messageId:4 stepValueResponse:{stepValue:{stepValue:"Servis tarafında girişin başarısız olduğunu doğrula 26 {}" parameterizedStepValue:"Servis tarafında girişin başarısız olduğunu doğrula 26 <password>" parameters:"password"}}
01-03-2026 17:29:08.020 [Gauge] [DEBUG] Api Request Received: messageType:GetStepValueRequest messageId:4 stepValueRequest:{stepText:"Servis tarafında girişin başarısız olduğunu doğrula 266 <password>"}
01-03-2026 17:29:08.020 [Gauge] [DEBUG] Sending API response: messageType:GetStepValueResponse messageId:4 stepValueResponse:{stepValue:{stepValue:"Servis tarafında girişin başarısız olduğunu doğrula 266 {}" parameterizedStepValue:"Servis tarafında girişin başarısız olduğunu doğrula 266 <password>" parameters:"password"}}
01-03-2026 17:29:08.661 [Gauge] [DEBUG] Api Request Received: messageType:GetStepValueRequest messageId:4 stepValueRequest:{stepText:"Servis tarafında girişin başarısız olduğunu doğrula 2666 <password>"}
01-03-2026 17:29:08.661 [Gauge] [DEBUG] Sending API response: messageType:GetStepValueResponse messageId:4 stepValueResponse:{stepValue:{stepValue:"Servis tarafında girişin başarısız olduğunu doğrula 2666 {}" parameterizedStepValue:"Servis tarafında girişin başarısız olduğunu doğrula 2666 <password>" parameters:"password"}}
01-03-2026 17:29:08.777 [Gauge] [DEBUG] Api Request Received: messageType:GetStepValueRequest messageId:4 stepValueRequest:{stepText:"Servis tarafında girişin başarısız olduğunu doğrula 26660 <password>"}
01-03-2026 17:29:08.777 [Gauge] [DEBUG] Sending API response: messageType:GetStepValueResponse messageId:4 stepValueResponse:{stepValue:{stepValue:"Servis tarafında girişin başarısız olduğunu doğrula 26660 {}" parameterizedStepValue:"Servis tarafında girişin başarısız olduğunu doğrula 26660 <password>" parameters:"password"}}
01-03-2026 17:29:09.024 [Gauge] [DEBUG] Api Request Received: messageType:GetStepValueRequest messageId:4 stepValueRequest:{stepText:"Servis tarafında girişin başarısız olduğunu doğrula 266601 <password>"}
01-03-2026 17:29:09.025 [Gauge] [DEBUG] Sending API response: messageType:GetStepValueResponse messageId:4 stepValueResponse:{stepValue:{stepValue:"Servis tarafında girişin başarısız olduğunu doğrula 266601 {}" parameterizedStepValue:"Servis tarafında girişin başarısız olduğunu doğrula 266601 <password>" parameters:"password"}}
01-03-2026 17:29:09.132 [Gauge] [DEBUG] Api Request Received: messageType:GetStepValueRequest messageId:4 stepValueRequest:{stepText:"Servis tarafında girişin başarısız olduğunu doğrula 2666010 <password>"}
01-03-2026 17:29:09.132 [Gauge] [DEBUG] Sending API response: messageType:GetStepValueResponse messageId:4 stepValueResponse:{stepValue:{stepValue:"Servis tarafında girişin başarısız olduğunu doğrula 2666010 {}" parameterizedStepValue:"Servis tarafında girişin başarısız olduğunu doğrula 2666010 <password>" parameters:"password"}}
01-03-2026 17:29:09.359 [Gauge] [DEBUG] Api Request Received: messageType:GetStepValueRequest messageId:4 stepValueRequest:{stepText:"Servis tarafında girişin başarısız olduğunu doğrula 26660106 <password>"}
01-03-2026 17:29:09.359 [Gauge] [DEBUG] Sending API response: messageType:GetStepValueResponse messageId:4 stepValueResponse:{stepValue:{stepValue:"Servis tarafında girişin başarısız olduğunu doğrula 26660106 {}" parameterizedStepValue:"Servis tarafında girişin başarısız olduğunu doğrula 26660106 <password>" parameters:"password"}}
01-03-2026 17:29:09.504 [Gauge] [DEBUG] Api Request Received: messageType:GetStepValueRequest messageId:4 stepValueRequest:{stepText:"Servis tarafında girişin başarısız olduğunu doğrula 266601066 <password>"}
01-03-2026 17:29:09.504 [Gauge] [DEBUG] Sending API response: messageType:GetStepValueResponse messageId:4 stepValueResponse:{stepValue:{stepValue:"Servis tarafında girişin başarısız olduğunu doğrula 266601066 {}" parameterizedStepValue:"Servis tarafında girişin başarısız olduğunu doğrula 266601066 <password>" parameters:"password"}}
01-03-2026 17:29:09.584 [Gauge] [DEBUG] Api Request Received: messageType:GetStepValueRequest messageId:4 stepValueRequest:{stepText:"Servis tarafında girişin başarısız olduğunu doğrula 2666010669 <password>"}
01-03-2026 17:29:09.584 [Gauge] [DEBUG] Sending API response: messageType:GetStepValueResponse messageId:4 stepValueResponse:{stepValue:{stepValue:"Servis tarafında girişin başarısız olduğunu doğrula 2666010669 {}" parameterizedStepValue:"Servis tarafında girişin başarısız olduğunu doğrula 2666010669 <password>" parameters:"password"}}
01-03-2026 17:29:09.885 [Gauge] [DEBUG] Api Request Received: messageType:GetStepValueRequest messageId:4 stepValueRequest:{stepText:"Servis tarafında girişin başarısız olduğunu doğrula 26660106691 <password>"}
01-03-2026 17:29:09.885 [Gauge] [DEBUG] Sending API response: messageType:GetStepValueResponse messageId:4 stepValueResponse:{stepValue:{stepValue:"Servis tarafında girişin başarısız olduğunu doğrula 26660106691 {}" parameterizedStepValue:"Servis tarafında girişin başarısız olduğunu doğrula 26660106691 <password>" parameters:"password"}}
01-03-2026 17:29:12.700 [Gauge] [DEBUG] Api Request Received: messageType:GetStepValueRequest messageId:4 stepValueRequest:{stepText:"Servis tarafında girişin başarısız olduğunu doğrula 26660106691 E"}
01-03-2026 17:29:12.701 [Gauge] [DEBUG] Sending API response: messageType:GetStepValueResponse messageId:4 stepValueResponse:{stepValue:{stepValue:"Servis tarafında girişin başarısız olduğunu doğrula 26660106691 E" parameterizedStepValue:"Servis tarafında girişin başarısız olduğunu doğrula 26660106691 E"}}
01-03-2026 17:29:12.712 [Gauge] [DEBUG] Api Request Received: messageType:GetAllStepsRequest messageId:2 allStepsRequest:{}
01-03-2026 17:29:12.712 [Gauge] [DEBUG] Sending API response: messageType:GetAllStepResponse messageId:2 allStepsResponse:{allSteps:{stepValue:"Giriş yap butonunun görünür olduğunu doğrula" parameterizedStepValue:"Giriş yap butonunun görünür olduğunu doğrula"} allSteps:{stepValue:"Giriş yap butonuna tıkla" parameterizedStepValue:"Giriş yap butonuna tıkla"} allSteps:{stepValue:"Kullanıcı adını gir {}" parameterizedStepValue:"Kullanıcı adını gir <26660106692>" parameters:"26660106692"} allSteps:{stepValue:"Şifreyi gir {}" parameterizedStepValue:"Şifreyi gir <Test1234!>" parameters:"Test1234!"} allSteps:{stepValue:"Giriş yap butonuna tıkla login sayfasında" parameterizedStepValue:"Giriş yap butonuna tıkla login sayfasında"} allSteps:{stepValue:"Girişin başarılı olduğunu doğrula" parameterizedStepValue:"Girişin başarılı olduğunu doğrula"} allSteps:{stepValue:"Ana sayfaya git" parameterizedStepValue:"Ana sayfaya git"}}
01-03-2026 17:29:12.712 [Gauge] [DEBUG] Api Request Received: messageType:GetAllConceptsRequest messageId:6 allConceptsRequest:{}
01-03-2026 17:29:12.712 [Gauge] [DEBUG] Sending API response: messageType:GetAllConceptsResponse messageId:6 allConceptsResponse:{}
01-03-2026 17:29:12.713 [Gauge] [DEBUG] Api Request Received: messageType:GetAllStepsRequest messageId:2 allStepsRequest:{}
01-03-2026 17:29:12.713 [Gauge] [DEBUG] Sending API response: messageType:GetAllStepResponse messageId:2 allStepsResponse:{allSteps:{stepValue:"Giriş yap butonuna tıkla" parameterizedStepValue:"Giriş yap butonuna tıkla"} allSteps:{stepValue:"Kullanıcı adını gir {}" parameterizedStepValue:"Kullanıcı adını gir <26660106692>" parameters:"26660106692"} allSteps:{stepValue:"Şifreyi gir {}" parameterizedStepValue:"Şifreyi gir <Test1234!>" parameters:"Test1234!"} allSteps:{stepValue:"Giriş yap butonuna tıkla login sayfasında" parameterizedStepValue:"Giriş yap butonuna tıkla login sayfasında"} allSteps:{stepValue:"Girişin başarılı olduğunu doğrula" parameterizedStepValue:"Girişin başarılı olduğunu doğrula"} allSteps:{stepValue:"Ana sayfaya git" parameterizedStepValue:"Ana sayfaya git"} allSteps:{stepValue:"Giriş yap butonunun görünür olduğunu doğrula" parameterizedStepValue:"Giriş yap butonunun görünür olduğunu doğrula"}}
01-03-2026 17:29:12.714 [Gauge] [DEBUG] Api Request Received: messageType:GetAllConceptsRequest messageId:6 allConceptsRequest:{}
01-03-2026 17:29:12.714 [Gauge] [DEBUG] Sending API response: messageType:GetAllConceptsResponse messageId:6 allConceptsResponse:{}
01-03-2026 17:29:12.855 [Gauge] [DEBUG] Api Request Received: messageType:GetStepValueRequest messageId:4 stepValueRequest:{stepText:"Servis tarafında girişin başarısız olduğunu doğrula 26660106691 Em"}
01-03-2026 17:29:12.855 [Gauge] [DEBUG] Sending API response: messageType:GetStepValueResponse messageId:4 stepValueResponse:{stepValue:{stepValue:"Servis tarafında girişin başarısız olduğunu doğrula 26660106691 Em" parameterizedStepValue:"Servis tarafında girişin başarısız olduğunu doğrula 26660106691 Em"}}
01-03-2026 17:29:12.965 [Gauge] [DEBUG] Api Request Received: messageType:GetStepValueRequest messageId:4 stepValueRequest:{stepText:"Servis tarafında girişin başarısız olduğunu doğrula 26660106691 Emr"}
01-03-2026 17:29:12.965 [Gauge] [DEBUG] Sending API response: messageType:GetStepValueResponse messageId:4 stepValueResponse:{stepValue:{stepValue:"Servis tarafında girişin başarısız olduğunu doğrula 26660106691 Emr" parameterizedStepValue:"Servis tarafında girişin başarısız olduğunu doğrula 26660106691 Emr"}}
01-03-2026 17:29:13.020 [Gauge] [DEBUG] Api Request Received: messageType:GetStepValueRequest messageId:4 stepValueRequest:{stepText:"Servis tarafında girişin başarısız olduğunu doğrula 26660106691 Emre"}
01-03-2026 17:29:13.020 [Gauge] [DEBUG] Sending API response: messageType:GetStepValueResponse messageId:4 stepValueResponse:{stepValue:{stepValue:"Servis tarafında girişin başarısız olduğunu doğrula 26660106691 Emre" parameterizedStepValue:"Servis tarafında girişin başarısız olduğunu doğrula 26660106691 Emre"}}
01-03-2026 17:29:13.578 [Gauge] [DEBUG] Api Request Received: messageType:GetStepValueRequest messageId:4 stepValueRequest:{stepText:"Servis tarafında girişin başarısız olduğunu doğrula 26660106691 Emre1"}
01-03-2026 17:29:13.579 [Gauge] [DEBUG] Sending API response: messageType:GetStepValueResponse messageId:4 stepValueResponse:{stepValue:{stepValue:"Servis tarafında girişin başarısız olduğunu doğrula 26660106691 Emre1" parameterizedStepValue:"Servis tarafında girişin başarısız olduğunu doğrula 26660106691 Emre1"}}
01-03-2026 17:29:13.624 [Gauge] [DEBUG] Api Request Received: messageType:GetStepValueRequest messageId:4 stepValueRequest:{stepText:"Servis tarafında girişin başarısız olduğunu doğrula 26660106691 Emre12"}
01-03-2026 17:29:13.624 [Gauge] [DEBUG] Sending API response: messageType:GetStepValueResponse messageId:4 stepValueResponse:{stepValue:{stepValue:"Servis tarafında girişin başarısız olduğunu doğrula 26660106691 Emre12" parameterizedStepValue:"Servis tarafında girişin başarısız olduğunu doğrula 26660106691 Emre12"}}
01-03-2026 17:29:13.694 [Gauge] [DEBUG] Api Request Received: messageType:GetStepValueRequest messageId:4 stepValueRequest:{stepText:"Servis tarafında girişin başarısız olduğunu doğrula 26660106691 Emre123"}
01-03-2026 17:29:13.695 [Gauge] [DEBUG] Sending API response: messageType:GetStepValueResponse messageId:4 stepValueResponse:{stepValue:{stepValue:"Servis tarafında girişin başarısız olduğunu doğrula 26660106691 Emre123" parameterizedStepValue:"Servis tarafında girişin başarısız olduğunu doğrula 26660106691 Emre123"}}
01-03-2026 17:29:33.298 [Gauge] [DEBUG] Api Request Received: messageType:GetStepValueRequest messageId:4 stepValueRequest:{stepText:"Servis tarafında girişin başarısız olduğunu doğrula \"26660106691\" Emre123"}
01-03-2026 17:29:33.299 [Gauge] [DEBUG] Sending API response: messageType:GetStepValueResponse messageId:4 stepValueResponse:{stepValue:{stepValue:"Servis tarafında girişin başarısız olduğunu doğrula {} Emre123" parameterizedStepValue:"Servis tarafında girişin başarısız olduğunu doğrula <26660106691> Emre123" parameters:"26660106691"}}
01-03-2026 17:29:36.303 [Gauge] [DEBUG] Api Request Received: messageType:GetStepValueRequest messageId:4 stepValueRequest:{stepText:"Servis tarafında girişin başarısız olduğunu doğrula \"26660106691\""}
01-03-2026 17:29:36.303 [Gauge] [DEBUG] Sending API response: messageType:GetStepValueResponse messageId:4 stepValueResponse:{stepValue:{stepValue:"Servis tarafında girişin başarısız olduğunu doğrula {}" parameterizedStepValue:"Servis tarafında girişin başarısız olduğunu doğrula <26660106691>" parameters:"26660106691"}}
01-03-2026 17:29:37.219 [Gauge] [DEBUG] Api Request Received: messageType:GetStepValueRequest messageId:4 stepValueRequest:{stepText:"Servis tarafında girişin başarısız olduğunu doğrula \"26660106691\" \"Emre123\""}
01-03-2026 17:29:37.219 [Gauge] [DEBUG] Sending API response: messageType:GetStepValueResponse messageId:4 stepValueResponse:{stepValue:{stepValue:"Servis tarafında girişin başarısız olduğunu doğrula {} {}" parameterizedStepValue:"Servis tarafında girişin başarısız olduğunu doğrula <26660106691> <Emre123>" parameters:"26660106691" parameters:"Emre123"}}
01-03-2026 17:30:16.805 [Gauge] [DEBUG] Api Request Received: messageType:GetStepValueRequest messageId:4 stepValueRequest:{stepText:"Servis tarafında girişin başarısız olduğunu doğrula \"26660106691 \"Emre123"}
01-03-2026 17:30:16.806 [Gauge] [DEBUG] Sending API response: messageType:GetStepValueResponse messageId:4 stepValueResponse:{stepValue:{stepValue:"Servis tarafında girişin başarısız olduğunu doğrula {}Emre123" parameterizedStepValue:"Servis tarafında girişin başarısız olduğunu doğrula <26660106691 >Emre123" parameters:"26660106691 "}}
01-03-2026 17:30:17.871 [Gauge] [DEBUG] Api Request Received: messageType:GetStepValueRequest messageId:4 stepValueRequest:{stepText:"Servis tarafında girişin başarısız olduğunu doğrula 26660106691 \"Emre123\""}
01-03-2026 17:30:17.872 [Gauge] [DEBUG] Sending API response: messageType:GetStepValueResponse messageId:4 stepValueResponse:{stepValue:{stepValue:"Servis tarafında girişin başarısız olduğunu doğrula 26660106691 {}" parameterizedStepValue:"Servis tarafında girişin başarısız olduğunu doğrula 26660106691 <Emre123>" parameters:"Emre123"}}
01-03-2026 17:30:19.286 [Gauge] [DEBUG] Api Request Received: messageType:GetStepValueRequest messageId:4 stepValueRequest:{stepText:"Servis tarafında girişin başarısız olduğunu doğrula 26660106691"}
01-03-2026 17:30:19.286 [Gauge] [DEBUG] Sending API response: messageType:GetStepValueResponse messageId:4 stepValueResponse:{stepValue:{stepValue:"Servis tarafında girişin başarısız olduğunu doğrula 26660106691" parameterizedStepValue:"Servis tarafında girişin başarısız olduğunu doğrula 26660106691"}}
01-03-2026 17:32:11.385 [Gauge] [DEBUG] Api Request Received: messageType:GetStepValueRequest messageId:4 stepValueRequest:{stepText:"Servis tarafında girişin başarısız olduğunu doğrula <26660106691> Emre123"}
01-03-2026 17:32:11.386 [Gauge] [DEBUG] Sending API response: messageType:GetStepValueResponse messageId:4 stepValueResponse:{stepValue:{stepValue:"Servis tarafında girişin başarısız olduğunu doğrula {} Emre123" parameterizedStepValue:"Servis tarafında girişin başarısız olduğunu doğrula <26660106691> Emre123" parameters:"26660106691"}}
01-03-2026 17:32:14.530 [Gauge] [DEBUG] Api Request Received: messageType:GetStepValueRequest messageId:4 stepValueRequest:{stepText:"Servis tarafında girişin başarısız olduğunu doğrula <26660106691> <Emre123>"}
01-03-2026 17:32:14.530 [Gauge] [DEBUG] Sending API response: messageType:GetStepValueResponse messageId:4 stepValueResponse:{stepValue:{stepValue:"Servis tarafında girişin başarısız olduğunu doğrula {} {}" parameterizedStepValue:"Servis tarafında girişin başarısız olduğunu doğrula <26660106691> <Emre123>" parameters:"26660106691" parameters:"Emre123"}}
01-03-2026 17:33:21.785 [Gauge] [DEBUG] Api Request Received: messageType:GetStepValueRequest messageId:4 stepValueRequest:{stepText:"Servis tarafında girişin başarısız olduğunu doğrula 26660106691> <Emre123>"}
01-03-2026 17:33:21.786 [Gauge] [DEBUG] Sending API response: messageType:GetStepValueResponse messageId:4 stepValueResponse:{stepValue:{stepValue:"Servis tarafında girişin başarısız olduğunu doğrula 26660106691> {}" parameterizedStepValue:"Servis tarafında girişin başarısız olduğunu doğrula 26660106691> <Emre123>" parameters:"Emre123"}}
01-03-2026 17:33:23.696 [Gauge] [DEBUG] Api Request Received: messageType:GetStepValueRequest messageId:4 stepValueRequest:{stepText:"Servis tarafında girişin başarısız olduğunu doğrula 26660106691 <Emre123>"}
01-03-2026 17:33:23.697 [Gauge] [DEBUG] Sending API response: messageType:GetStepValueResponse messageId:4 stepValueResponse:{stepValue:{stepValue:"Servis tarafında girişin başarısız olduğunu doğrula 26660106691 {}" parameterizedStepValue:"Servis tarafında girişin başarısız olduğunu doğrula 26660106691 <Emre123>" parameters:"Emre123"}}
01-03-2026 17:33:24.971 [Gauge] [DEBUG] Api Request Received: messageType:GetStepValueRequest messageId:4 stepValueRequest:{stepText:"Servis tarafında girişin başarısız olduğunu doğrula 26660106691 Emre123>"}
01-03-2026 17:33:24.971 [Gauge] [DEBUG] Sending API response: messageType:GetStepValueResponse messageId:4 stepValueResponse:{stepValue:{stepValue:"Servis tarafında girişin başarısız olduğunu doğrula 26660106691 Emre123>" parameterizedStepValue:"Servis tarafında girişin başarısız olduğunu doğrula 26660106691 Emre123>"}}
01-03-2026 17:33:36.373 [Gauge] [DEBUG] Api Request Received: messageType:GetStepValueRequest messageId:4 stepValueRequest:{stepText:"Servis tarafında girişin başarısız olduğunu doğrula 26660106691Emre123"}
01-03-2026 17:33:36.375 [Gauge] [DEBUG] Sending API response: messageType:GetStepValueResponse messageId:4 stepValueResponse:{stepValue:{stepValue:"Servis tarafında girişin başarısız olduğunu doğrula 26660106691Emre123" parameterizedStepValue:"Servis tarafında girişin başarısız olduğunu doğrula 26660106691Emre123"}}
01-03-2026 17:33:41.432 [Gauge] [DEBUG] Api Request Received: messageType:GetStepValueRequest messageId:4 stepValueRequest:{stepText:"Servis tarafında girişin başarısız olduğunu doğrula <tckn><password>"}
01-03-2026 17:33:41.432 [Gauge] [DEBUG] Sending API response: messageType:GetStepValueResponse messageId:4 stepValueResponse:{stepValue:{stepValue:"Servis tarafında girişin başarısız olduğunu doğrula {}{}" parameterizedStepValue:"Servis tarafında girişin başarısız olduğunu doğrula <tckn><password>" parameters:"tckn" parameters:"password"}}
01-03-2026 17:33:41.434 [Gauge] [DEBUG] Api Request Received: messageType:GetStepValueRequest messageId:4 stepValueRequest:{stepText:"Servis tarafında girişin başarısız olduğunu doğrula <tckn><password>"}
01-03-2026 17:33:41.434 [Gauge] [DEBUG] Sending API response: messageType:GetStepValueResponse messageId:4 stepValueResponse:{stepValue:{stepValue:"Servis tarafında girişin başarısız olduğunu doğrula {}{}" parameterizedStepValue:"Servis tarafında girişin başarısız olduğunu doğrula <tckn><password>" parameters:"tckn" parameters:"password"}}
01-03-2026 17:33:56.267 [Gauge] [DEBUG] Spec file added / modified: /Users/emresarikaya/IdeaProjects/Java/specs/login.spec
01-03-2026 17:37:29.201 [Gauge] [DEBUG] Api Request Received: messageType:GetStepValueRequest messageId:4 stepValueRequest:{stepText:"Servis tarafında girişin başarısız olduğunu doğrula" hasInlineTable:true}
01-03-2026 17:37:29.205 [Gauge] [DEBUG] Sending API response: messageType:GetStepValueResponse messageId:4 stepValueResponse:{stepValue:{stepValue:"Servis tarafında girişin başarısız olduğunu doğrula {}" parameterizedStepValue:"Servis tarafında girişin başarısız olduğunu doğrula <table>" parameters:"table"}}
01-03-2026 17:39:27.683 [Gauge] [DEBUG] Spec file added / modified: /Users/emresarikaya/IdeaProjects/Java/specs/login.spec
01-03-2026 17:39:54.084 [Gauge] [DEBUG] Api Request Received: messageType:GetStepValueRequest messageId:4 stepValueRequest:{stepText:"Servis tarafında girişin başarısız olduğunu doğrula  "}
01-03-2026 17:39:54.084 [Gauge] [DEBUG] Sending API response: messageType:GetStepValueResponse messageId:4 stepValueResponse:{stepValue:{stepValue:"Servis tarafında girişin başarısız olduğunu doğrula" parameterizedStepValue:"Servis tarafında girişin başarısız olduğunu doğrula"}}
01-03-2026 17:39:54.086 [Gauge] [DEBUG] Api Request Received: messageType:GetStepValueRequest messageId:4 stepValueRequest:{stepText:"Servis tarafında girişin başarısız olduğunu doğrula  "}
01-03-2026 17:39:54.086 [Gauge] [DEBUG] Sending API response: messageType:GetStepValueResponse messageId:4 stepValueResponse:{stepValue:{stepValue:"Servis tarafında girişin başarısız olduğunu doğrula" parameterizedStepValue:"Servis tarafında girişin başarısız olduğunu doğrula"}}
01-03-2026 17:42:50.718 [Gauge] [INFO] Initializing concepts cache with 0 concepts
01-03-2026 17:42:50.724 [Gauge] [INFO] Initializing specs cache with 2 specs
01-03-2026 17:42:50.724 [Gauge] [DEBUG] Adding specs from /Users/emresarikaya/IdeaProjects/Java/specs/home.spec
01-03-2026 17:42:50.725 [Gauge] [DEBUG] Adding specs from /Users/emresarikaya/IdeaProjects/Java/specs/login.spec
01-03-2026 17:42:50.725 [Gauge] [INFO] Initializing steps cache with 2 steps
01-03-2026 17:42:50.725 [Gauge] [INFO] Gauge daemon initialized and listening on port: 61118
01-03-2026 17:42:50.727 [Gauge] [DEBUG] Watching directory: /Users/emresarikaya/IdeaProjects/Java/specs
01-03-2026 17:42:50.727 [Gauge] [DEBUG] Found 2 files
01-03-2026 20:30:23.629 [Gauge] [INFO] Initializing concepts cache with 0 concepts
01-03-2026 20:30:23.665 [Gauge] [INFO] Initializing specs cache with 2 specs
01-03-2026 20:30:23.665 [Gauge] [DEBUG] Adding specs from /Users/emresarikaya/IdeaProjects/Java/specs/home.spec
01-03-2026 20:30:23.665 [Gauge] [DEBUG] Adding specs from /Users/emresarikaya/IdeaProjects/Java/specs/login.spec
01-03-2026 20:30:23.665 [Gauge] [INFO] Initializing steps cache with 2 steps
01-03-2026 20:30:23.670 [Gauge] [INFO] Gauge daemon initialized and listening on port: 60039
01-03-2026 20:30:23.679 [Gauge] [DEBUG] Watching directory: /Users/emresarikaya/IdeaProjects/Java/specs
01-03-2026 20:30:23.679 [Gauge] [DEBUG] Found 2 files
01-03-2026 20:40:04.426 [Gauge] [DEBUG] Spec file removed: /Users/emresarikaya/IdeaProjects/Java/specs/login.spec
01-03-2026 20:40:04.430 [Gauge] [DEBUG] Spec file added / modified: /Users/emresarikaya/IdeaProjects/Java/specs/login.spec
01-03-2026 20:40:29.354 [Gauge] [DEBUG] Api Request Received: messageType:GetStepValueRequest messageId:4 stepValueRequest:{stepText:"Kullanıcı adını gir <tckn>"}
01-03-2026 20:40:29.357 [Gauge] [DEBUG] Sending API response: messageType:GetStepValueResponse messageId:4 stepValueResponse:{stepValue:{stepValue:"Kullanıcı adını gir {}" parameterizedStepValue:"Kullanıcı adını gir <tckn>" parameters:"tckn"}}
01-03-2026 20:40:29.358 [Gauge] [DEBUG] Api Request Received: messageType:GetStepValueRequest messageId:4 stepValueRequest:{stepText:"Kullanıcı adını gir <tckn>"}
01-03-2026 20:40:29.358 [Gauge] [DEBUG] Sending API response: messageType:GetStepValueResponse messageId:4 stepValueResponse:{stepValue:{stepValue:"Kullanıcı adını gir {}" parameterizedStepValue:"Kullanıcı adını gir <tckn>" parameters:"tckn"}}
01-03-2026 20:40:29.359 [Gauge] [DEBUG] Api Request Received: messageType:GetStepValueRequest messageId:4 stepValueRequest:{stepText:"Şifreyi gir <password>"}
01-03-2026 20:40:29.359 [Gauge] [DEBUG] Sending API response: messageType:GetStepValueResponse messageId:4 stepValueResponse:{stepValue:{stepValue:"Şifreyi gir {}" parameterizedStepValue:"Şifreyi gir <password>" parameters:"password"}}
01-03-2026 20:41:21.582 [Gauge] [DEBUG] Api Request Received: messageType:GetStepValueRequest messageId:4 stepValueRequest:{stepText:"Servis tarafında girişin bakşarısız olduğunu doğrula" hasInlineTable:true}
01-03-2026 20:41:21.583 [Gauge] [DEBUG] Sending API response: messageType:GetStepValueResponse messageId:4 stepValueResponse:{stepValue:{stepValue:"Servis tarafında girişin bakşarısız olduğunu doğrula {}" parameterizedStepValue:"Servis tarafında girişin bakşarısız olduğunu doğrula <table>" parameters:"table"}}
01-03-2026 20:41:21.632 [Gauge] [DEBUG] Api Request Received: messageType:GetAllStepsRequest messageId:2 allStepsRequest:{}
01-03-2026 20:41:21.632 [Gauge] [DEBUG] Sending API response: messageType:GetAllStepResponse messageId:2 allStepsResponse:{allSteps:{stepValue:"Servis tarafında girişin başarısız olduğunu doğrula {}" parameterizedStepValue:"Servis tarafında girişin başarısız olduğunu doğrula <table>" parameters:"table"} allSteps:{stepValue:"Ana sayfaya git" parameterizedStepValue:"Ana sayfaya git"} allSteps:{stepValue:"Giriş yap butonunun görünür olduğunu doğrula" parameterizedStepValue:"Giriş yap butonunun görünür olduğunu doğrula"} allSteps:{stepValue:"Giriş yap butonuna tıkla" parameterizedStepValue:"Giriş yap butonuna tıkla"} allSteps:{stepValue:"Kullanıcı adını gir {}" parameterizedStepValue:"Kullanıcı adını gir <26660106692>" parameters:"26660106692"} allSteps:{stepValue:"Şifreyi gir {}" parameterizedStepValue:"Şifreyi gir <Test1234!>" parameters:"Test1234!"} allSteps:{stepValue:"Giriş yap butonuna tıkla login sayfasında" parameterizedStepValue:"Giriş yap butonuna tıkla login sayfasında"} allSteps:{stepValue:"Girişin başarısız olduğunu doğrula" parameterizedStepValue:"Girişin başarısız olduğunu doğrula"}}
01-03-2026 20:41:21.634 [Gauge] [DEBUG] Api Request Received: messageType:GetAllConceptsRequest messageId:6 allConceptsRequest:{}
01-03-2026 20:41:21.634 [Gauge] [DEBUG] Sending API response: messageType:GetAllConceptsResponse messageId:6 allConceptsResponse:{}
01-03-2026 20:41:21.635 [Gauge] [DEBUG] Api Request Received: messageType:GetAllStepsRequest messageId:2 allStepsRequest:{}
01-03-2026 20:41:21.635 [Gauge] [DEBUG] Sending API response: messageType:GetAllStepResponse messageId:2 allStepsResponse:{allSteps:{stepValue:"Giriş yap butonuna tıkla" parameterizedStepValue:"Giriş yap butonuna tıkla"} allSteps:{stepValue:"Kullanıcı adını gir {}" parameterizedStepValue:"Kullanıcı adını gir <26660106692>" parameters:"26660106692"} allSteps:{stepValue:"Şifreyi gir {}" parameterizedStepValue:"Şifreyi gir <Test1234!>" parameters:"Test1234!"} allSteps:{stepValue:"Giriş yap butonuna tıkla login sayfasında" parameterizedStepValue:"Giriş yap butonuna tıkla login sayfasında"} allSteps:{stepValue:"Girişin başarısız olduğunu doğrula" parameterizedStepValue:"Girişin başarısız olduğunu doğrula"} allSteps:{stepValue:"Servis tarafında girişin başarısız olduğunu doğrula {}" parameterizedStepValue:"Servis tarafında girişin başarısız olduğunu doğrula <table>" parameters:"table"} allSteps:{stepValue:"Ana sayfaya git" parameterizedStepValue:"Ana sayfaya git"} allSteps:{stepValue:"Giriş yap butonunun görünür olduğunu doğrula" parameterizedStepValue:"Giriş yap butonunun görünür olduğunu doğrula"}}
01-03-2026 20:41:21.635 [Gauge] [DEBUG] Api Request Received: messageType:GetAllConceptsRequest messageId:6 allConceptsRequest:{}
01-03-2026 20:41:21.635 [Gauge] [DEBUG] Sending API response: messageType:GetAllConceptsResponse messageId:6 allConceptsResponse:{}
01-03-2026 20:41:22.212 [Gauge] [DEBUG] Api Request Received: messageType:GetStepValueRequest messageId:4 stepValueRequest:{stepText:"Servis tarafında girişin bakuşarısız olduğunu doğrula" hasInlineTable:true}
01-03-2026 20:41:22.213 [Gauge] [DEBUG] Sending API response: messageType:GetStepValueResponse messageId:4 stepValueResponse:{stepValue:{stepValue:"Servis tarafında girişin bakuşarısız olduğunu doğrula {}" parameterizedStepValue:"Servis tarafında girişin bakuşarısız olduğunu doğrula <table>" parameters:"table"}}
01-03-2026 20:42:46.324 [Gauge] [DEBUG] Spec file removed: /Users/emresarikaya/IdeaProjects/Java/specs/login.spec
01-03-2026 20:42:46.324 [Gauge] [DEBUG] Spec file added / modified: /Users/emresarikaya/IdeaProjects/Java/specs/login.spec
01-03-2026 20:50:42.006 [Gauge] [DEBUG] Spec file removed: /Users/emresarikaya/IdeaProjects/Java/specs/login.spec
01-03-2026 20:50:42.008 [Gauge] [DEBUG] Spec file added / modified: /Users/emresarikaya/IdeaProjects/Java/specs/login.spec
01-03-2026 20:51:59.491 [Gauge] [DEBUG] Spec file removed: /Users/emresarikaya/IdeaProjects/Java/specs/login.spec
01-03-2026 20:51:59.492 [Gauge] [DEBUG] Spec file added / modified: /Users/emresarikaya/IdeaProjects/Java/specs/login.spec
01-03-2026 20:52:07.223 [Gauge] [DEBUG] Api Request Received: messageType:GetStepValueRequest messageId:4 stepValueRequest:{stepText:"Servis tarafında girişin ba/şarısız olduğunu doğrula <tckn> <password>" hasInlineTable:true}
01-03-2026 20:52:07.226 [Gauge] [DEBUG] Sending API response: messageType:GetStepValueResponse messageId:4 stepValueResponse:{stepValue:{stepValue:"Servis tarafında girişin ba/şarısız olduğunu doğrula {} {} {}" parameterizedStepValue:"Servis tarafında girişin ba/şarısız olduğunu doğrula <tckn> <password> <table>" parameters:"tckn" parameters:"password" parameters:"table"}}
01-03-2026 20:52:07.554 [Gauge] [DEBUG] Api Request Received: messageType:GetStepValueRequest messageId:4 stepValueRequest:{stepText:"Servis tarafında girişin ba/sşarısız olduğunu doğrula <tckn> <password>" hasInlineTable:true}
01-03-2026 20:52:07.554 [Gauge] [DEBUG] Sending API response: messageType:GetStepValueResponse messageId:4 stepValueResponse:{stepValue:{stepValue:"Servis tarafında girişin ba/sşarısız olduğunu doğrula {} {} {}" parameterizedStepValue:"Servis tarafında girişin ba/sşarısız olduğunu doğrula <tckn> <password> <table>" parameters:"tckn" parameters:"password" parameters:"table"}}
01-03-2026 20:52:07.573 [Gauge] [DEBUG] Api Request Received: messageType:GetAllStepsRequest messageId:2 allStepsRequest:{}
01-03-2026 20:52:07.574 [Gauge] [DEBUG] Sending API response: messageType:GetAllStepResponse messageId:2 allStepsResponse:{allSteps:{stepValue:"Şifreyi gir {}" parameterizedStepValue:"Şifreyi gir <password>" parameters:"password"} allSteps:{stepValue:"Giriş yap butonuna tıkla login sayfasında" parameterizedStepValue:"Giriş yap butonuna tıkla login sayfasında"} allSteps:{stepValue:"Girişin başarısız olduğunu doğrula" parameterizedStepValue:"Girişin başarısız olduğunu doğrula"} allSteps:{stepValue:"Servis tarafında girişin başarısız olduğunu doğrula {} {} {}" parameterizedStepValue:"Servis tarafında girişin başarısız olduğunu doğrula <tckn> <password> <table>" parameters:"tckn" parameters:"password" parameters:"table"} allSteps:{stepValue:"Ana sayfaya git" parameterizedStepValue:"Ana sayfaya git"} allSteps:{stepValue:"Giriş yap butonunun görünür olduğunu doğrula" parameterizedStepValue:"Giriş yap butonunun görünür olduğunu doğrula"} allSteps:{stepValue:"Giriş yap butonuna tıkla" parameterizedStepValue:"Giriş yap butonuna tıkla"} allSteps:{stepValue:"Kullanıcı adını gir {}" parameterizedStepValue:"Kullanıcı adını gir <tckn>" parameters:"tckn"}}
01-03-2026 20:52:07.574 [Gauge] [DEBUG] Api Request Received: messageType:GetAllConceptsRequest messageId:6 allConceptsRequest:{}
01-03-2026 20:52:07.574 [Gauge] [DEBUG] Sending API response: messageType:GetAllConceptsResponse messageId:6 allConceptsResponse:{}
01-03-2026 20:52:07.577 [Gauge] [DEBUG] Api Request Received: messageType:GetAllStepsRequest messageId:2 allStepsRequest:{}
01-03-2026 20:52:07.578 [Gauge] [DEBUG] Sending API response: messageType:GetAllStepResponse messageId:2 allStepsResponse:{allSteps:{stepValue:"Giriş yap butonuna tıkla login sayfasında" parameterizedStepValue:"Giriş yap butonuna tıkla login sayfasında"} allSteps:{stepValue:"Girişin başarısız olduğunu doğrula" parameterizedStepValue:"Girişin başarısız olduğunu doğrula"} allSteps:{stepValue:"Servis tarafında girişin başarısız olduğunu doğrula {} {} {}" parameterizedStepValue:"Servis tarafında girişin başarısız olduğunu doğrula <tckn> <password> <table>" parameters:"tckn" parameters:"password" parameters:"table"} allSteps:{stepValue:"Giriş yap butonunun görünür olduğunu doğrula" parameterizedStepValue:"Giriş yap butonunun görünür olduğunu doğrula"} allSteps:{stepValue:"Ana sayfaya git" parameterizedStepValue:"Ana sayfaya git"} allSteps:{stepValue:"Giriş yap butonuna tıkla" parameterizedStepValue:"Giriş yap butonuna tıkla"} allSteps:{stepValue:"Kullanıcı adını gir {}" parameterizedStepValue:"Kullanıcı adını gir <tckn>" parameters:"tckn"} allSteps:{stepValue:"Şifreyi gir {}" parameterizedStepValue:"Şifreyi gir <password>" parameters:"password"}}
01-03-2026 20:52:07.578 [Gauge] [DEBUG] Api Request Received: messageType:GetAllConceptsRequest messageId:6 allConceptsRequest:{}
01-03-2026 20:52:07.578 [Gauge] [DEBUG] Sending API response: messageType:GetAllConceptsResponse messageId:6 allConceptsResponse:{}
01-03-2026 20:52:07.626 [Gauge] [DEBUG] Api Request Received: messageType:GetStepValueRequest messageId:4 stepValueRequest:{stepText:"Servis tarafında girişin ba/slşarısız olduğunu doğrula <tckn> <password>" hasInlineTable:true}
01-03-2026 20:52:07.626 [Gauge] [DEBUG] Sending API response: messageType:GetStepValueResponse messageId:4 stepValueResponse:{stepValue:{stepValue:"Servis tarafında girişin ba/slşarısız olduğunu doğrula {} {} {}" parameterizedStepValue:"Servis tarafında girişin ba/slşarısız olduğunu doğrula <tckn> <password> <table>" parameters:"tckn" parameters:"password" parameters:"table"}}
01-03-2026 20:54:31.592 [Gauge] [DEBUG] Spec file removed: /Users/emresarikaya/IdeaProjects/Java/specs/login.spec
01-03-2026 20:54:31.593 [Gauge] [DEBUG] Spec file added / modified: /Users/emresarikaya/IdeaProjects/Java/specs/login.spec
01-03-2026 20:57:35.298 [Gauge] [DEBUG] Spec file removed: /Users/emresarikaya/IdeaProjects/Java/specs/login.spec
01-03-2026 20:57:35.303 [Gauge] [DEBUG] Spec file added / modified: /Users/emresarikaya/IdeaProjects/Java/specs/login.spec
